yarn run v1.22.21
$ react-scripts start
Starting the development server...

Compiled successfully!

You can now view myapp in the browser.

  Local:            http://localhost:3000
  On Your Network:  http://192.168.0.8:3000

Note that the development build is not optimized.
To create a production build, use yarn build.

webpack compiled successfully
Compiling...
Compiled successfully!
webpack compiled successfully
Compiling...
Compiled successfully!
webpack compiled successfully
Compiling...
Failed to compile.

[eslint] 
src/components/ChatComponent/ChatComponent.js
Syntax error: Identifier 'synth' has already been declared. (48:29) (48:29)
ERROR in ./src/components/ChatComponent/ChatComponent.js
Module build failed (from ./node_modules/babel-loader/lib/index.js):
SyntaxError: /home/renemichel/Projetos/Python/Minerva/src/gui/src/components/ChatComponent/ChatComponent.js: Identifier 'synth' has already been declared. (48:29)

  46 |     }
  47 |
> 48 |     const playAudio = async (synth, responseText) => {
     |                              ^
  49 |         const synth = window.speechSynthesis;
  50 |         utterance.text = responseText;
  51 |         utterance.voice = voice;
    at constructor (/home/renemichel/Projetos/Python/Minerva/src/gui/node_modules/@babel/parser/lib/index.js:353:19)
    at FlowParserMixin.raise (/home/renemichel/Projetos/Python/Minerva/src/gui/node_modules/@babel/parser/lib/index.js:3277:19)
    at FlowScopeHandler.checkRedeclarationInScope (/home/renemichel/Projetos/Python/Minerva/src/gui/node_modules/@babel/parser/lib/index.js:1491:19)
    at FlowScopeHandler.declareName (/home/renemichel/Projetos/Python/Minerva/src/gui/node_modules/@babel/parser/lib/index.js:1474:14)
    at FlowScopeHandler.declareName (/home/renemichel/Projetos/Python/Minerva/src/gui/node_modules/@babel/parser/lib/index.js:1558:11)
    at FlowParserMixin.declareNameFromIdentifier (/home/renemichel/Projetos/Python/Minerva/src/gui/node_modules/@babel/parser/lib/index.js:7348:16)
    at FlowParserMixin.checkIdentifier (/home/renemichel/Projetos/Python/Minerva/src/gui/node_modules/@babel/parser/lib/index.js:7344:12)
    at FlowParserMixin.checkLVal (/home/renemichel/Projetos/Python/Minerva/src/gui/node_modules/@babel/parser/lib/index.js:7290:12)
    at FlowParserMixin.checkParams (/home/renemichel/Projetos/Python/Minerva/src/gui/node_modules/@babel/parser/lib/index.js:11647:12)
    at FlowParserMixin.checkParams (/home/renemichel/Projetos/Python/Minerva/src/gui/node_modules/@babel/parser/lib/index.js:5725:11)
    at FlowParserMixin.<anonymous> (/home/renemichel/Projetos/Python/Minerva/src/gui/node_modules/@babel/parser/lib/index.js:11622:14)
    at FlowParserMixin.parseBlockOrModuleBlockBody (/home/renemichel/Projetos/Python/Minerva/src/gui/node_modules/@babel/parser/lib/index.js:12812:48)
    at FlowParserMixin.parseBlockBody (/home/renemichel/Projetos/Python/Minerva/src/gui/node_modules/@babel/parser/lib/index.js:12789:10)
    at FlowParserMixin.parseBlock (/home/renemichel/Projetos/Python/Minerva/src/gui/node_modules/@babel/parser/lib/index.js:12777:10)
    at FlowParserMixin.parseFunctionBody (/home/renemichel/Projetos/Python/Minerva/src/gui/node_modules/@babel/parser/lib/index.js:11616:24)
    at /home/renemichel/Projetos/Python/Minerva/src/gui/node_modules/@babel/parser/lib/index.js:5029:63
    at FlowParserMixin.forwardNoArrowParamsConversionAt (/home/renemichel/Projetos/Python/Minerva/src/gui/node_modules/@babel/parser/lib/index.js:5205:16)
    at FlowParserMixin.parseFunctionBody (/home/renemichel/Projetos/Python/Minerva/src/gui/node_modules/@babel/parser/lib/index.js:5029:12)
    at FlowParserMixin.parseArrowExpression (/home/renemichel/Projetos/Python/Minerva/src/gui/node_modules/@babel/parser/lib/index.js:11591:10)
    at FlowParserMixin.parseAsyncArrowFromCallExpression (/home/renemichel/Projetos/Python/Minerva/src/gui/node_modules/@babel/parser/lib/index.js:10788:10)
    at FlowParserMixin.parseAsyncArrowFromCallExpression (/home/renemichel/Projetos/Python/Minerva/src/gui/node_modules/@babel/parser/lib/index.js:5624:18)
    at FlowParserMixin.parseCoverCallAndAsyncArrowHead (/home/renemichel/Projetos/Python/Minerva/src/gui/node_modules/@babel/parser/lib/index.js:10701:27)
    at FlowParserMixin.parseSubscript (/home/renemichel/Projetos/Python/Minerva/src/gui/node_modules/@babel/parser/lib/index.js:10630:19)
    at FlowParserMixin.parseSubscript (/home/renemichel/Projetos/Python/Minerva/src/gui/node_modules/@babel/parser/lib/index.js:5787:18)
    at FlowParserMixin.parseSubscripts (/home/renemichel/Projetos/Python/Minerva/src/gui/node_modules/@babel/parser/lib/index.js:10603:19)
    at FlowParserMixin.parseSubscripts (/home/renemichel/Projetos/Python/Minerva/src/gui/node_modules/@babel/parser/lib/index.js:5753:18)
    at FlowParserMixin.parseExprSubscripts (/home/renemichel/Projetos/Python/Minerva/src/gui/node_modules/@babel/parser/lib/index.js:10594:17)
    at FlowParserMixin.parseUpdate (/home/renemichel/Projetos/Python/Minerva/src/gui/node_modules/@babel/parser/lib/index.js:10573:21)
    at FlowParserMixin.parseMaybeUnary (/home/renemichel/Projetos/Python/Minerva/src/gui/node_modules/@babel/parser/lib/index.js:10551:23)
    at FlowParserMixin.parseMaybeUnaryOrPrivate (/home/renemichel/Projetos/Python/Minerva/src/gui/node_modules/@babel/parser/lib/index.js:10405:61)
    at FlowParserMixin.parseExprOps (/home/renemichel/Projetos/Python/Minerva/src/gui/node_modules/@babel/parser/lib/index.js:10410:23)
    at FlowParserMixin.parseMaybeConditional (/home/renemichel/Projetos/Python/Minerva/src/gui/node_modules/@babel/parser/lib/index.js:10387:23)
    at FlowParserMixin.parseMaybeAssign (/home/renemichel/Projetos/Python/Minerva/src/gui/node_modules/@babel/parser/lib/index.js:10348:21)
    at FlowParserMixin.parseMaybeAssign (/home/renemichel/Projetos/Python/Minerva/src/gui/node_modules/@babel/parser/lib/index.js:5686:18)
    at /home/renemichel/Projetos/Python/Minerva/src/gui/node_modules/@babel/parser/lib/index.js:10318:39
    at FlowParserMixin.allowInAnd (/home/renemichel/Projetos/Python/Minerva/src/gui/node_modules/@babel/parser/lib/index.js:11931:16)
    at FlowParserMixin.parseMaybeAssignAllowIn (/home/renemichel/Projetos/Python/Minerva/src/gui/node_modules/@babel/parser/lib/index.js:10318:17)
    at FlowParserMixin.parseVar (/home/renemichel/Projetos/Python/Minerva/src/gui/node_modules/@babel/parser/lib/index.js:12864:91)
    at FlowParserMixin.parseVarStatement (/home/renemichel/Projetos/Python/Minerva/src/gui/node_modules/@babel/parser/lib/index.js:12710:10)
    at FlowParserMixin.parseStatementContent (/home/renemichel/Projetos/Python/Minerva/src/gui/node_modules/@babel/parser/lib/index.js:12322:23)
    at FlowParserMixin.parseStatementLike (/home/renemichel/Projetos/Python/Minerva/src/gui/node_modules/@babel/parser/lib/index.js:12239:17)
    at FlowParserMixin.parseStatementLike (/home/renemichel/Projetos/Python/Minerva/src/gui/node_modules/@babel/parser/lib/index.js:5055:24)
    at FlowParserMixin.parseStatementListItem (/home/renemichel/Projetos/Python/Minerva/src/gui/node_modules/@babel/parser/lib/index.js:12219:17)
    at FlowParserMixin.parseBlockOrModuleBlockBody (/home/renemichel/Projetos/Python/Minerva/src/gui/node_modules/@babel/parser/lib/index.js:12796:61)
    at FlowParserMixin.parseBlockBody (/home/renemichel/Projetos/Python/Minerva/src/gui/node_modules/@babel/parser/lib/index.js:12789:10)
    at FlowParserMixin.parseBlock (/home/renemichel/Projetos/Python/Minerva/src/gui/node_modules/@babel/parser/lib/index.js:12777:10)
    at FlowParserMixin.parseFunctionBody (/home/renemichel/Projetos/Python/Minerva/src/gui/node_modules/@babel/parser/lib/index.js:11616:24)
    at /home/renemichel/Projetos/Python/Minerva/src/gui/node_modules/@babel/parser/lib/index.js:5029:63
    at FlowParserMixin.forwardNoArrowParamsConversionAt (/home/renemichel/Projetos/Python/Minerva/src/gui/node_modules/@babel/parser/lib/index.js:5205:16)
    at FlowParserMixin.parseFunctionBody (/home/renemichel/Projetos/Python/Minerva/src/gui/node_modules/@babel/parser/lib/index.js:5029:12)

ERROR in [eslint] 
src/components/ChatComponent/ChatComponent.js
  Line 48:29:  Parsing error: Identifier 'synth' has already been declared. (48:29)

webpack compiled with 2 errors
Compiling...
Compiled with warnings.

[eslint] 
src/components/ChatComponent/ChatComponent.js
  Line 81:8:  React Hook useEffect has a missing dependency: 'handleSpeaking'. Either include it or remove the dependency array. If 'handleSpeaking' changes too often, find the parent component that defines it and wrap that definition in useCallback  react-hooks/exhaustive-deps

Search for the keywords to learn more about each warning.
To ignore, add // eslint-disable-next-line to the line before.

WARNING in [eslint] 
src/components/ChatComponent/ChatComponent.js
  Line 81:8:  React Hook useEffect has a missing dependency: 'handleSpeaking'. Either include it or remove the dependency array. If 'handleSpeaking' changes too often, find the parent component that defines it and wrap that definition in useCallback  react-hooks/exhaustive-deps

webpack compiled with 1 warning
Compiling...
Compiled with warnings.

[eslint] 
src/components/ChatComponent/ChatComponent.js
  Line 80:8:  React Hook useEffect has a missing dependency: 'handleSpeaking'. Either include it or remove the dependency array. If 'handleSpeaking' changes too often, find the parent component that defines it and wrap that definition in useCallback  react-hooks/exhaustive-deps

Search for the keywords to learn more about each warning.
To ignore, add // eslint-disable-next-line to the line before.

WARNING in [eslint] 
src/components/ChatComponent/ChatComponent.js
  Line 80:8:  React Hook useEffect has a missing dependency: 'handleSpeaking'. Either include it or remove the dependency array. If 'handleSpeaking' changes too often, find the parent component that defines it and wrap that definition in useCallback  react-hooks/exhaustive-deps

webpack compiled with 1 warning
Compiling...
Compiled with warnings.

[eslint] 
src/components/ChatComponent/ChatComponent.js
  Line 81:8:  React Hook useEffect has a missing dependency: 'handleSpeaking'. Either include it or remove the dependency array. If 'handleSpeaking' changes too often, find the parent component that defines it and wrap that definition in useCallback  react-hooks/exhaustive-deps

Search for the keywords to learn more about each warning.
To ignore, add // eslint-disable-next-line to the line before.

WARNING in [eslint] 
src/components/ChatComponent/ChatComponent.js
  Line 81:8:  React Hook useEffect has a missing dependency: 'handleSpeaking'. Either include it or remove the dependency array. If 'handleSpeaking' changes too often, find the parent component that defines it and wrap that definition in useCallback  react-hooks/exhaustive-deps

webpack compiled with 1 warning
Compiling...
Compiled with warnings.

[eslint] 
src/components/ChatComponent/ChatComponent.js
  Line 80:8:  React Hook useEffect has a missing dependency: 'handleSpeaking'. Either include it or remove the dependency array. If 'handleSpeaking' changes too often, find the parent component that defines it and wrap that definition in useCallback  react-hooks/exhaustive-deps

Search for the keywords to learn more about each warning.
To ignore, add // eslint-disable-next-line to the line before.

WARNING in [eslint] 
src/components/ChatComponent/ChatComponent.js
  Line 80:8:  React Hook useEffect has a missing dependency: 'handleSpeaking'. Either include it or remove the dependency array. If 'handleSpeaking' changes too often, find the parent component that defines it and wrap that definition in useCallback  react-hooks/exhaustive-deps

webpack compiled with 1 warning
Compiling...
Compiled with warnings.

[eslint] 
src/components/ChatComponent/ChatComponent.js
  Line 80:8:  React Hook useEffect has a missing dependency: 'handleSpeaking'. Either include it or remove the dependency array. If 'handleSpeaking' changes too often, find the parent component that defines it and wrap that definition in useCallback  react-hooks/exhaustive-deps

Search for the keywords to learn more about each warning.
To ignore, add // eslint-disable-next-line to the line before.

WARNING in [eslint] 
src/components/ChatComponent/ChatComponent.js
  Line 80:8:  React Hook useEffect has a missing dependency: 'handleSpeaking'. Either include it or remove the dependency array. If 'handleSpeaking' changes too often, find the parent component that defines it and wrap that definition in useCallback  react-hooks/exhaustive-deps

webpack compiled with 1 warning
Compiling...
Compiled with warnings.

[eslint] 
src/components/ChatComponent/ChatComponent.js
  Line 80:8:  React Hook useEffect has a missing dependency: 'handleSpeaking'. Either include it or remove the dependency array. If 'handleSpeaking' changes too often, find the parent component that defines it and wrap that definition in useCallback  react-hooks/exhaustive-deps

src/components/ChatComponent/TTS.js
  Line 14:9:  'handleCallAutoSpeak' is assigned a value but never used  no-unused-vars

Search for the keywords to learn more about each warning.
To ignore, add // eslint-disable-next-line to the line before.

WARNING in [eslint] 
src/components/ChatComponent/ChatComponent.js
  Line 80:8:  React Hook useEffect has a missing dependency: 'handleSpeaking'. Either include it or remove the dependency array. If 'handleSpeaking' changes too often, find the parent component that defines it and wrap that definition in useCallback  react-hooks/exhaustive-deps

src/components/ChatComponent/TTS.js
  Line 14:9:  'handleCallAutoSpeak' is assigned a value but never used  no-unused-vars

webpack compiled with 1 warning
Compiling...
Compiled with warnings.

[eslint] 
src/components/ChatComponent/ChatComponent.js
  Line 80:8:  React Hook useEffect has a missing dependency: 'handleSpeaking'. Either include it or remove the dependency array. If 'handleSpeaking' changes too often, find the parent component that defines it and wrap that definition in useCallback  react-hooks/exhaustive-deps

Search for the keywords to learn more about each warning.
To ignore, add // eslint-disable-next-line to the line before.

WARNING in [eslint] 
src/components/ChatComponent/ChatComponent.js
  Line 80:8:  React Hook useEffect has a missing dependency: 'handleSpeaking'. Either include it or remove the dependency array. If 'handleSpeaking' changes too often, find the parent component that defines it and wrap that definition in useCallback  react-hooks/exhaustive-deps

webpack compiled with 1 warning
Compiling...
Compiled with warnings.

[eslint] 
src/components/ChatComponent/ChatComponent.js
  Line 80:8:  React Hook useEffect has a missing dependency: 'handleSpeaking'. Either include it or remove the dependency array. If 'handleSpeaking' changes too often, find the parent component that defines it and wrap that definition in useCallback  react-hooks/exhaustive-deps

Search for the keywords to learn more about each warning.
To ignore, add // eslint-disable-next-line to the line before.

WARNING in [eslint] 
src/components/ChatComponent/ChatComponent.js
  Line 80:8:  React Hook useEffect has a missing dependency: 'handleSpeaking'. Either include it or remove the dependency array. If 'handleSpeaking' changes too often, find the parent component that defines it and wrap that definition in useCallback  react-hooks/exhaustive-deps

webpack compiled with 1 warning
Compiling...
Compiled with warnings.

[eslint] 
src/components/ChatComponent/ChatComponent.js
  Line 80:8:  React Hook useEffect has a missing dependency: 'handleSpeaking'. Either include it or remove the dependency array. If 'handleSpeaking' changes too often, find the parent component that defines it and wrap that definition in useCallback  react-hooks/exhaustive-deps

Search for the keywords to learn more about each warning.
To ignore, add // eslint-disable-next-line to the line before.

WARNING in [eslint] 
src/components/ChatComponent/ChatComponent.js
  Line 80:8:  React Hook useEffect has a missing dependency: 'handleSpeaking'. Either include it or remove the dependency array. If 'handleSpeaking' changes too often, find the parent component that defines it and wrap that definition in useCallback  react-hooks/exhaustive-deps

webpack compiled with 1 warning
Compiling...
Compiled with warnings.

[eslint] 
src/components/ChatComponent/ChatComponent.js
  Line 80:8:  React Hook useEffect has a missing dependency: 'handleSpeaking'. Either include it or remove the dependency array. If 'handleSpeaking' changes too often, find the parent component that defines it and wrap that definition in useCallback  react-hooks/exhaustive-deps

Search for the keywords to learn more about each warning.
To ignore, add // eslint-disable-next-line to the line before.

WARNING in [eslint] 
src/components/ChatComponent/ChatComponent.js
  Line 80:8:  React Hook useEffect has a missing dependency: 'handleSpeaking'. Either include it or remove the dependency array. If 'handleSpeaking' changes too often, find the parent component that defines it and wrap that definition in useCallback  react-hooks/exhaustive-deps

webpack compiled with 1 warning
Compiling...
Failed to compile.

[eslint] 
src/App.js
  Line 131:21:  'isSpeaking' is not defined      no-undef
  Line 153:27:  'handleSpeaking' is not defined  no-undef

Search for the keywords to learn more about each error.
WARNING in [eslint] 
src/components/ChatComponent/ChatComponent.js
  Line 80:8:  React Hook useEffect has a missing dependency: 'handleSpeaking'. Either include it or remove the dependency array. If 'handleSpeaking' changes too often, find the parent component that defines it and wrap that definition in useCallback  react-hooks/exhaustive-deps

ERROR in [eslint] 
src/App.js
  Line 131:21:  'isSpeaking' is not defined      no-undef
  Line 153:27:  'handleSpeaking' is not defined  no-undef

Search for the keywords to learn more about each error.

webpack compiled with 1 error and 1 warning
Compiling...
Compiled with warnings.

[eslint] 
src/components/ChatComponent/ChatComponent.js
  Line 80:8:  React Hook useEffect has a missing dependency: 'handleSpeaking'. Either include it or remove the dependency array. If 'handleSpeaking' changes too often, find the parent component that defines it and wrap that definition in useCallback  react-hooks/exhaustive-deps

Search for the keywords to learn more about each warning.
To ignore, add // eslint-disable-next-line to the line before.

WARNING in [eslint] 
src/components/ChatComponent/ChatComponent.js
  Line 80:8:  React Hook useEffect has a missing dependency: 'handleSpeaking'. Either include it or remove the dependency array. If 'handleSpeaking' changes too often, find the parent component that defines it and wrap that definition in useCallback  react-hooks/exhaustive-deps

webpack compiled with 1 warning
Compiling...
Compiled with warnings.

[eslint] 
src/components/ChatComponent/ChatComponent.js
  Line 80:8:  React Hook useEffect has a missing dependency: 'handleSpeaking'. Either include it or remove the dependency array. If 'handleSpeaking' changes too often, find the parent component that defines it and wrap that definition in useCallback  react-hooks/exhaustive-deps

Search for the keywords to learn more about each warning.
To ignore, add // eslint-disable-next-line to the line before.

WARNING in [eslint] 
src/components/ChatComponent/ChatComponent.js
  Line 80:8:  React Hook useEffect has a missing dependency: 'handleSpeaking'. Either include it or remove the dependency array. If 'handleSpeaking' changes too often, find the parent component that defines it and wrap that definition in useCallback  react-hooks/exhaustive-deps

webpack compiled with 1 warning
Compiling...
Compiled successfully!
webpack compiled successfully
Compiling...
Compiled with warnings.

[eslint] 
src/components/ChatComponent/Message/LoadingMessage.js
  Line 5:8:  'MinervaIcon' is defined but never used  no-unused-vars

Search for the keywords to learn more about each warning.
To ignore, add // eslint-disable-next-line to the line before.

WARNING in [eslint] 
src/components/ChatComponent/Message/LoadingMessage.js
  Line 5:8:  'MinervaIcon' is defined but never used  no-unused-vars

webpack compiled with 1 warning
Compiling...
Compiled successfully!
webpack compiled successfully
Compiling...
Compiled successfully!
webpack compiled successfully
Compiling...
Compiled with warnings.

[eslint] 
src/components/ChatComponent/ChatComponent.js
  Line 12:12:  'waitingMessage' is assigned a value but never used  no-unused-vars

Search for the keywords to learn more about each warning.
To ignore, add // eslint-disable-next-line to the line before.

WARNING in [eslint] 
src/components/ChatComponent/ChatComponent.js
  Line 12:12:  'waitingMessage' is assigned a value but never used  no-unused-vars

webpack compiled with 1 warning
Compiling...
Compiled successfully!
webpack compiled successfully
Compiling...
Compiled successfully!
webpack compiled successfully
Compiling...
Compiled successfully!
webpack compiled successfully
Compiling...
Compiled successfully!
webpack compiled successfully
Compiling...
Compiled with warnings.

[eslint] 
src/components/ChatComponent/ChatComponent.js
  Line 12:12:  'waitingMessage' is assigned a value but never used  no-unused-vars

Search for the keywords to learn more about each warning.
To ignore, add // eslint-disable-next-line to the line before.

WARNING in [eslint] 
src/components/ChatComponent/ChatComponent.js
  Line 12:12:  'waitingMessage' is assigned a value but never used  no-unused-vars

webpack compiled with 1 warning
Compiling...
Compiled with warnings.

[eslint] 
src/components/ChatComponent/ChatComponent.js
  Line 12:12:  'waitingMessage' is assigned a value but never used  no-unused-vars

Search for the keywords to learn more about each warning.
To ignore, add // eslint-disable-next-line to the line before.

WARNING in [eslint] 
src/components/ChatComponent/ChatComponent.js
  Line 12:12:  'waitingMessage' is assigned a value but never used  no-unused-vars

webpack compiled with 1 warning
Compiling...
Compiled with warnings.

[eslint] 
src/components/ChatComponent/ChatComponent.js
  Line 12:12:  'waitingMessage' is assigned a value but never used  no-unused-vars

Search for the keywords to learn more about each warning.
To ignore, add // eslint-disable-next-line to the line before.

WARNING in [eslint] 
src/components/ChatComponent/ChatComponent.js
  Line 12:12:  'waitingMessage' is assigned a value but never used  no-unused-vars

webpack compiled with 1 warning
Compiling...
Compiled with warnings.

[eslint] 
src/components/ChatComponent/ChatComponent.js
  Line 12:12:  'waitingMessage' is assigned a value but never used  no-unused-vars

Search for the keywords to learn more about each warning.
To ignore, add // eslint-disable-next-line to the line before.

WARNING in [eslint] 
src/components/ChatComponent/ChatComponent.js
  Line 12:12:  'waitingMessage' is assigned a value but never used  no-unused-vars

webpack compiled with 1 warning
Compiling...
Compiled with warnings.

[eslint] 
src/components/ChatComponent/ChatComponent.js
  Line 12:12:  'waitingMessage' is assigned a value but never used  no-unused-vars

Search for the keywords to learn more about each warning.
To ignore, add // eslint-disable-next-line to the line before.

WARNING in [eslint] 
src/components/ChatComponent/ChatComponent.js
  Line 12:12:  'waitingMessage' is assigned a value but never used  no-unused-vars

webpack compiled with 1 warning
Compiling...
Compiled with warnings.

[eslint] 
src/components/ChatComponent/ChatComponent.js
  Line 12:12:  'waitingMessage' is assigned a value but never used  no-unused-vars

Search for the keywords to learn more about each warning.
To ignore, add // eslint-disable-next-line to the line before.

WARNING in [eslint] 
src/components/ChatComponent/ChatComponent.js
  Line 12:12:  'waitingMessage' is assigned a value but never used  no-unused-vars

webpack compiled with 1 warning
Compiling...
Compiled with warnings.

[eslint] 
src/components/ChatComponent/ChatComponent.js
  Line 12:12:  'waitingMessage' is assigned a value but never used  no-unused-vars

Search for the keywords to learn more about each warning.
To ignore, add // eslint-disable-next-line to the line before.

WARNING in [eslint] 
src/components/ChatComponent/ChatComponent.js
  Line 12:12:  'waitingMessage' is assigned a value but never used  no-unused-vars

webpack compiled with 1 warning
Compiling...
Compiled with warnings.

[eslint] 
src/components/ChatComponent/ChatComponent.js
  Line 12:12:  'waitingMessage' is assigned a value but never used  no-unused-vars

Search for the keywords to learn more about each warning.
To ignore, add // eslint-disable-next-line to the line before.

WARNING in [eslint] 
src/components/ChatComponent/ChatComponent.js
  Line 12:12:  'waitingMessage' is assigned a value but never used  no-unused-vars

webpack compiled with 1 warning
Compiling...
Compiled successfully!
webpack compiled successfully
Compiling...
Compiled successfully!
webpack compiled successfully
Compiling...
Compiled successfully!
webpack compiled successfully
Compiling...
Compiled successfully!
webpack compiled successfully
Compiling...
Compiled successfully!
webpack compiled successfully
Compiling...
Failed to compile.

[eslint] 
src/components/ChatComponent/ChatComponent.js
  Line 65:27:   'uuidv4' is not defined               no-undef
  Line 94:13:   'handleCallAutoSpeak' is not defined  no-undef
  Line 144:18:  'Stack' is not defined                react/jsx-no-undef
  Line 146:22:  'Button' is not defined               react/jsx-no-undef
  Line 149:31:  'SendIcon' is not defined             react/jsx-no-undef

Search for the keywords to learn more about each error.
WARNING in [eslint] 
src/components/ChatComponent/ChatComponent.js
  Line 2:8:  'TextToSpeech' is defined but never used  no-unused-vars

ERROR in [eslint] 
src/components/ChatComponent/ChatComponent.js
  Line 65:27:   'uuidv4' is not defined               no-undef
  Line 94:13:   'handleCallAutoSpeak' is not defined  no-undef
  Line 144:18:  'Stack' is not defined                react/jsx-no-undef
  Line 146:22:  'Button' is not defined               react/jsx-no-undef
  Line 149:31:  'SendIcon' is not defined             react/jsx-no-undef

Search for the keywords to learn more about each error.

webpack compiled with 1 error and 1 warning
Compiling...
Failed to compile.

[eslint] 
src/components/ChatComponent/ChatComponent.js
  Line 94:13:   'handleCallAutoSpeak' is not defined  no-undef
  Line 144:18:  'Stack' is not defined                react/jsx-no-undef
  Line 146:22:  'Button' is not defined               react/jsx-no-undef
  Line 149:31:  'SendIcon' is not defined             react/jsx-no-undef

Search for the keywords to learn more about each error.
ERROR in [eslint] 
src/components/ChatComponent/ChatComponent.js
  Line 94:13:   'handleCallAutoSpeak' is not defined  no-undef
  Line 144:18:  'Stack' is not defined                react/jsx-no-undef
  Line 146:22:  'Button' is not defined               react/jsx-no-undef
  Line 149:31:  'SendIcon' is not defined             react/jsx-no-undef

Search for the keywords to learn more about each error.

webpack compiled with 1 error
Compiling...
Failed to compile.

[eslint] 
src/components/ChatComponent/ChatComponent.js
  Line 95:13:   'handleCallAutoSpeak' is not defined  no-undef
  Line 147:22:  'Button' is not defined               react/jsx-no-undef
  Line 150:31:  'SendIcon' is not defined             react/jsx-no-undef

Search for the keywords to learn more about each error.
ERROR in [eslint] 
src/components/ChatComponent/ChatComponent.js
  Line 95:13:   'handleCallAutoSpeak' is not defined  no-undef
  Line 147:22:  'Button' is not defined               react/jsx-no-undef
  Line 150:31:  'SendIcon' is not defined             react/jsx-no-undef

Search for the keywords to learn more about each error.

webpack compiled with 1 error
Compiling...
Failed to compile.

[eslint] 
src/components/ChatComponent/ChatComponent.js
  Line 97:13:  'handleCallAutoSpeak' is not defined  no-undef

Search for the keywords to learn more about each error.
ERROR in [eslint] 
src/components/ChatComponent/ChatComponent.js
  Line 97:13:  'handleCallAutoSpeak' is not defined  no-undef

Search for the keywords to learn more about each error.

webpack compiled with 1 error
Compiling...
Compiled successfully!
webpack compiled successfully
Compiling...
Compiled successfully!
webpack compiled successfully
Compiling...
Compiled successfully!
webpack compiled successfully
Compiling...
Compiled successfully!
webpack compiled successfully
Compiling...
Compiled with warnings.

[eslint] 
src/components/ChatComponent/ChatComponent.js
  Line 10:10:  'teal' is defined but never used  no-unused-vars

Search for the keywords to learn more about each warning.
To ignore, add // eslint-disable-next-line to the line before.

WARNING in [eslint] 
src/components/ChatComponent/ChatComponent.js
  Line 10:10:  'teal' is defined but never used  no-unused-vars

webpack compiled with 1 warning
Compiling...
Compiled successfully!
webpack compiled successfully
Compiling...
Compiled successfully!
webpack compiled successfully
Compiling...
Compiled successfully!
webpack compiled successfully
Compiling...
Failed to compile.

[eslint] 
src/components/ChatComponent/Message/MessageComponent.js
  Line 136:26:  'Skeleton' is not defined  react/jsx-no-undef
  Line 137:26:  'Skeleton' is not defined  react/jsx-no-undef
  Line 138:26:  'Skeleton' is not defined  react/jsx-no-undef
  Line 139:26:  'Skeleton' is not defined  react/jsx-no-undef

Search for the keywords to learn more about each error.
ERROR in [eslint] 
src/components/ChatComponent/Message/MessageComponent.js
  Line 136:26:  'Skeleton' is not defined  react/jsx-no-undef
  Line 137:26:  'Skeleton' is not defined  react/jsx-no-undef
  Line 138:26:  'Skeleton' is not defined  react/jsx-no-undef
  Line 139:26:  'Skeleton' is not defined  react/jsx-no-undef

Search for the keywords to learn more about each error.

webpack compiled with 1 error
Compiling...
Compiled successfully!
webpack compiled successfully
Compiling...
Compiled successfully!
webpack compiled successfully
Failed to compile.

Module not found: Error: Can't resolve './Message/LoadingMessage.js' in '/home/renemichel/Projetos/Python/Minerva/src/gui/src/components/ChatComponent'
ERROR in ./src/components/ChatComponent/ChatComponent.js 10:0-57
Module not found: Error: Can't resolve './Message/LoadingMessage.js' in '/home/renemichel/Projetos/Python/Minerva/src/gui/src/components/ChatComponent'

webpack compiled with 1 error
Compiling...
Compiled with warnings.

[eslint] 
src/components/ChatComponent/ChatComponent.js
  Line 14:12:  'waitingMessage' is assigned a value but never used  no-unused-vars

Search for the keywords to learn more about each warning.
To ignore, add // eslint-disable-next-line to the line before.

WARNING in [eslint] 
src/components/ChatComponent/ChatComponent.js
  Line 14:12:  'waitingMessage' is assigned a value but never used  no-unused-vars

webpack compiled with 1 warning
Compiling...
Compiled with warnings.

[eslint] 
src/components/ChatComponent/ChatComponent.js
  Line 14:12:  'waitingMessage' is assigned a value but never used  no-unused-vars

Search for the keywords to learn more about each warning.
To ignore, add // eslint-disable-next-line to the line before.

WARNING in [eslint] 
src/components/ChatComponent/ChatComponent.js
  Line 14:12:  'waitingMessage' is assigned a value but never used  no-unused-vars

webpack compiled with 1 warning
Compiling...
Compiled with warnings.

[eslint] 
src/components/ChatComponent/ChatComponent.js
  Line 14:12:  'waitingMessage' is assigned a value but never used  no-unused-vars

Search for the keywords to learn more about each warning.
To ignore, add // eslint-disable-next-line to the line before.

WARNING in [eslint] 
src/components/ChatComponent/ChatComponent.js
  Line 14:12:  'waitingMessage' is assigned a value but never used  no-unused-vars

webpack compiled with 1 warning
Compiling...
Failed to compile.

[eslint] 
src/components/ChatComponent/Message/MessageContent.jsx
  Line 27:22:  'IconButton' is not defined  react/jsx-no-undef
  Line 34:30:  'IconButton' is not defined  react/jsx-no-undef
  Line 39:30:  'IconButton' is not defined  react/jsx-no-undef

Search for the keywords to learn more about each error.
WARNING in [eslint] 
src/components/ChatComponent/ChatComponent.js
  Line 14:12:  'waitingMessage' is assigned a value but never used  no-unused-vars

src/components/ChatComponent/Message/MessageComponent.js
  Line 6:8:  'IconButton' is defined but never used     no-unused-vars
  Line 7:8:  'ThumbUpIcon' is defined but never used    no-unused-vars
  Line 8:8:  'ThumbDownIcon' is defined but never used  no-unused-vars
  Line 9:8:  'VolumeUpIcon' is defined but never used   no-unused-vars

ERROR in [eslint] 
src/components/ChatComponent/Message/MessageContent.jsx
  Line 27:22:  'IconButton' is not defined  react/jsx-no-undef
  Line 34:30:  'IconButton' is not defined  react/jsx-no-undef
  Line 39:30:  'IconButton' is not defined  react/jsx-no-undef

Search for the keywords to learn more about each error.

webpack compiled with 1 error and 1 warning
Compiling...
Compiled with warnings.

[eslint] 
src/components/ChatComponent/ChatComponent.js
  Line 14:12:  'waitingMessage' is assigned a value but never used  no-unused-vars

src/components/ChatComponent/Message/MessageComponent.js
  Line 6:8:  'IconButton' is defined but never used     no-unused-vars
  Line 7:8:  'ThumbUpIcon' is defined but never used    no-unused-vars
  Line 8:8:  'ThumbDownIcon' is defined but never used  no-unused-vars
  Line 9:8:  'VolumeUpIcon' is defined but never used   no-unused-vars

Search for the keywords to learn more about each warning.
To ignore, add // eslint-disable-next-line to the line before.

WARNING in [eslint] 
src/components/ChatComponent/ChatComponent.js
  Line 14:12:  'waitingMessage' is assigned a value but never used  no-unused-vars

src/components/ChatComponent/Message/MessageComponent.js
  Line 6:8:  'IconButton' is defined but never used     no-unused-vars
  Line 7:8:  'ThumbUpIcon' is defined but never used    no-unused-vars
  Line 8:8:  'ThumbDownIcon' is defined but never used  no-unused-vars
  Line 9:8:  'VolumeUpIcon' is defined but never used   no-unused-vars

webpack compiled with 1 warning
Compiling...
Compiled with warnings.

[eslint] 
src/components/ChatComponent/ChatComponent.js
  Line 14:12:  'waitingMessage' is assigned a value but never used  no-unused-vars

Search for the keywords to learn more about each warning.
To ignore, add // eslint-disable-next-line to the line before.

WARNING in [eslint] 
src/components/ChatComponent/ChatComponent.js
  Line 14:12:  'waitingMessage' is assigned a value but never used  no-unused-vars

webpack compiled with 1 warning
Compiling...
Compiled with warnings.

[eslint] 
src/components/ChatComponent/ChatComponent.js
  Line 14:12:  'waitingMessage' is assigned a value but never used  no-unused-vars

Search for the keywords to learn more about each warning.
To ignore, add // eslint-disable-next-line to the line before.

WARNING in [eslint] 
src/components/ChatComponent/ChatComponent.js
  Line 14:12:  'waitingMessage' is assigned a value but never used  no-unused-vars

webpack compiled with 1 warning
Compiling...
Compiled with warnings.

[eslint] 
src/components/ChatComponent/ChatComponent.js
  Line 14:12:  'waitingMessage' is assigned a value but never used  no-unused-vars

Search for the keywords to learn more about each warning.
To ignore, add // eslint-disable-next-line to the line before.

WARNING in [eslint] 
src/components/ChatComponent/ChatComponent.js
  Line 14:12:  'waitingMessage' is assigned a value but never used  no-unused-vars

webpack compiled with 1 warning
Compiling...
Compiled with warnings.

[eslint] 
src/components/ChatComponent/ChatComponent.js
  Line 14:12:  'waitingMessage' is assigned a value but never used  no-unused-vars

Search for the keywords to learn more about each warning.
To ignore, add // eslint-disable-next-line to the line before.

WARNING in [eslint] 
src/components/ChatComponent/ChatComponent.js
  Line 14:12:  'waitingMessage' is assigned a value but never used  no-unused-vars

webpack compiled with 1 warning
Compiling...
Compiled with warnings.

[eslint] 
src/components/ChatComponent/ChatComponent.js
  Line 14:12:  'waitingMessage' is assigned a value but never used  no-unused-vars

Search for the keywords to learn more about each warning.
To ignore, add // eslint-disable-next-line to the line before.

WARNING in [eslint] 
src/components/ChatComponent/ChatComponent.js
  Line 14:12:  'waitingMessage' is assigned a value but never used  no-unused-vars

webpack compiled with 1 warning
Compiling...
Compiled successfully!
webpack compiled successfully
Failed to compile.

Module not found: Error: Can't resolve './Message/MessageComponent.js' in '/home/renemichel/Projetos/Python/Minerva/src/gui/src/components/ChatComponent'
ERROR in ./src/components/ChatComponent/ChatComponent.js 10:0-61
Module not found: Error: Can't resolve './Message/MessageComponent.js' in '/home/renemichel/Projetos/Python/Minerva/src/gui/src/components/ChatComponent'

webpack compiled with 1 error
Compiling...
Compiled successfully!
webpack compiled successfully
Failed to compile.

Module not found: Error: Can't resolve './ErrorBar.js' in '/home/renemichel/Projetos/Python/Minerva/src/gui/src/components/ChatComponent'
ERROR in ./src/components/ChatComponent/ChatComponent.js 11:0-37
Module not found: Error: Can't resolve './ErrorBar.js' in '/home/renemichel/Projetos/Python/Minerva/src/gui/src/components/ChatComponent'

webpack compiled with 1 error
Compiling...
Compiled successfully!
webpack compiled successfully
Compiling...
Compiled successfully!
webpack compiled successfully
Compiling...
Compiled successfully!
webpack compiled successfully
Compiling...
Compiled successfully!
webpack compiled successfully
Compiling...
Compiled successfully!
webpack compiled successfully
Compiling...
Compiled with warnings.

[eslint] 
src/components/ChatComponent/ChatComponent.js
  Line 80:11:  'handleCallAutoSpeak' is assigned a value but never used  no-unused-vars

Search for the keywords to learn more about each warning.
To ignore, add // eslint-disable-next-line to the line before.

WARNING in [eslint] 
src/components/ChatComponent/ChatComponent.js
  Line 80:11:  'handleCallAutoSpeak' is assigned a value but never used  no-unused-vars

webpack compiled with 1 warning
Compiling...
Compiled successfully!
webpack compiled successfully
Compiling...
Compiled successfully!
webpack compiled successfully
Compiling...
Compiled successfully!
webpack compiled successfully
Compiling...
Failed to compile.

[eslint] 
src/components/ChatComponent/ChatComponent.js
  Line 38:32:  'actor' is not defined  no-undef

Search for the keywords to learn more about each error.
ERROR in [eslint] 
src/components/ChatComponent/ChatComponent.js
  Line 38:32:  'actor' is not defined  no-undef

Search for the keywords to learn more about each error.

webpack compiled with 1 error
Compiling...
Compiled successfully!
webpack compiled successfully
Compiling...
Compiled successfully!
webpack compiled successfully
Compiling...
Compiled successfully!
webpack compiled successfully
Compiling...
Compiled successfully!
webpack compiled successfully
Compiling...
Compiled successfully!
webpack compiled successfully
Failed to compile.

Module not found: Error: Can't resolve '../../../images/icon_no_bg.jpeg' in '/home/renemichel/Projetos/Python/Minerva/src/gui/src/components/ChatComponent/Message'
ERROR in ./src/components/ChatComponent/Message/MessageComponent.jsx 9:0-58
Module not found: Error: Can't resolve '../../../images/icon_no_bg.jpeg' in '/home/renemichel/Projetos/Python/Minerva/src/gui/src/components/ChatComponent/Message'

webpack compiled with 1 error
Compiling...
Compiled successfully!
webpack compiled successfully
Failed to compile.

Module not found: Error: Can't resolve './components/ChatComponent/ChatComponent.js' in '/home/renemichel/Projetos/Python/Minerva/src/gui/src'
ERROR in ./src/App.js 15:0-72
Module not found: Error: Can't resolve './components/ChatComponent/ChatComponent.js' in '/home/renemichel/Projetos/Python/Minerva/src/gui/src'

webpack compiled with 1 error
Compiling...
Compiled successfully!
webpack compiled successfully
Compiling...
Compiled successfully!
webpack compiled successfully
Compiled successfully!
webpack compiled successfully
Compiling...
Compiled successfully!
webpack compiled successfully
Compiling...
Failed to compile.

[eslint] 
src/components/ChatComponent/ScrollTop.jsx
  Line 9:21:   'useScrollTrigger' is not defined  no-undef
  Line 28:10:  'Fade' is not defined              react/jsx-no-undef
  Line 29:10:  'Box' is not defined               react/jsx-no-undef

Search for the keywords to learn more about each error.
WARNING in [eslint] 
src/components/ChatComponent/ChatComponent.jsx
  Line 9:8:  'ScrollTop' is defined but never used  no-unused-vars

ERROR in [eslint] 
src/components/ChatComponent/ScrollTop.jsx
  Line 9:21:   'useScrollTrigger' is not defined  no-undef
  Line 28:10:  'Fade' is not defined              react/jsx-no-undef
  Line 29:10:  'Box' is not defined               react/jsx-no-undef

Search for the keywords to learn more about each error.

webpack compiled with 1 error and 1 warning
Compiling...
Failed to compile.

[eslint] 
src/components/ChatComponent/ScrollTop.jsx
  Line 12:21:  'useScrollTrigger' is not defined  no-undef
  Line 32:10:  'Box' is not defined               react/jsx-no-undef

Search for the keywords to learn more about each error.
WARNING in [eslint] 
src/components/ChatComponent/ChatComponent.jsx
  Line 9:8:  'ScrollTop' is defined but never used  no-unused-vars

src/components/ChatComponent/ScrollTop.jsx
  Line 2:8:  'Fab' is defined but never used                  no-unused-vars
  Line 3:8:  'KeyboardArrowUpIcon' is defined but never used  no-unused-vars

ERROR in [eslint] 
src/components/ChatComponent/ScrollTop.jsx
  Line 12:21:  'useScrollTrigger' is not defined  no-undef
  Line 32:10:  'Box' is not defined               react/jsx-no-undef

Search for the keywords to learn more about each error.

webpack compiled with 1 error and 1 warning
Compiling...
Compiled with warnings.

[eslint] 
src/components/ChatComponent/ChatComponent.jsx
  Line 9:8:  'ScrollTop' is defined but never used  no-unused-vars

Search for the keywords to learn more about each warning.
To ignore, add // eslint-disable-next-line to the line before.

WARNING in [eslint] 
src/components/ChatComponent/ChatComponent.jsx
  Line 9:8:  'ScrollTop' is defined but never used  no-unused-vars

webpack compiled with 1 warning
Compiling...
Compiled with warnings.

[eslint] 
src/components/ChatComponent/ChatComponent.jsx
  Line 9:8:  'ScrollTop' is defined but never used  no-unused-vars

Search for the keywords to learn more about each warning.
To ignore, add // eslint-disable-next-line to the line before.

WARNING in [eslint] 
src/components/ChatComponent/ChatComponent.jsx
  Line 9:8:  'ScrollTop' is defined but never used  no-unused-vars

webpack compiled with 1 warning
Compiling...
Compiled successfully!
webpack compiled successfully
Compiling...
Compiled successfully!
webpack compiled successfully
Compiling...
Compiled successfully!
webpack compiled successfully
Compiling...
Compiled successfully!
webpack compiled successfully
Compiling...
Compiled successfully!
webpack compiled successfully
Compiling...
Compiled with warnings.

[eslint] 
src/components/ChatComponent/ChatComponent.jsx
  Line 5:8:  'CssBaseline' is defined but never used  no-unused-vars

Search for the keywords to learn more about each warning.
To ignore, add // eslint-disable-next-line to the line before.

WARNING in [eslint] 
src/components/ChatComponent/ChatComponent.jsx
  Line 5:8:  'CssBaseline' is defined but never used  no-unused-vars

webpack compiled with 1 warning
Compiling...
Compiled successfully!
webpack compiled successfully
Compiling...
Compiled with warnings.

[eslint] 
src/components/ChatComponent/ChatComponent.jsx
  Line 5:8:  'CssBaseline' is defined but never used  no-unused-vars

Search for the keywords to learn more about each warning.
To ignore, add // eslint-disable-next-line to the line before.

WARNING in [eslint] 
src/components/ChatComponent/ChatComponent.jsx
  Line 5:8:  'CssBaseline' is defined but never used  no-unused-vars

webpack compiled with 1 warning
Compiling...
Compiled with warnings.

[eslint] 
src/components/ChatComponent/ChatComponent.jsx
  Line 9:8:  'ScrollTop' is defined but never used  no-unused-vars

Search for the keywords to learn more about each warning.
To ignore, add // eslint-disable-next-line to the line before.

WARNING in [eslint] 
src/components/ChatComponent/ChatComponent.jsx
  Line 9:8:  'ScrollTop' is defined but never used  no-unused-vars

webpack compiled with 1 warning
Compiling...
Compiled successfully!
webpack compiled successfully
Compiled successfully!
webpack compiled successfully
Compiling...
Compiled successfully!
webpack compiled successfully
