2023-12-28 13:43:15,189 - MaskRCNN - INFO - ZMQ Server is ready!
2023-12-28 13:43:20,208 - MaskRCNN - INFO - Chatbot is ready
2023-12-28 13:43:20,208 - MaskRCNN - INFO - ZMQ Server started!
2023-12-28 13:58:04,087 - MaskRCNN - INFO - ZMQ Server is ready!
2023-12-28 13:58:09,092 - MaskRCNN - INFO - Chatbot is ready
2023-12-28 13:58:09,092 - MaskRCNN - INFO - ZMQ Server started!
2023-12-28 13:58:56,118 - MaskRCNN - INFO - ZMQ Server is ready!
2023-12-28 13:59:01,142 - MaskRCNN - INFO - Chatbot is ready
2023-12-28 13:59:01,142 - MaskRCNN - INFO - ZMQ Server started!
2023-12-28 16:48:36,710 - MaskRCNN - INFO - ZMQ Server is ready!
2023-12-28 16:48:42,336 - MaskRCNN - INFO - Chatbot is ready
2023-12-28 16:48:42,336 - MaskRCNN - INFO - ZMQ Server started!
2023-12-28 16:49:24,823 - MaskRCNN - INFO - ZMQ Server is ready!
2023-12-28 16:49:29,905 - MaskRCNN - INFO - Chatbot is ready
2023-12-28 16:49:29,905 - MaskRCNN - INFO - ZMQ Server started!
2023-12-28 16:51:39,759 - MaskRCNN - INFO - ZMQ Server is ready!
2023-12-28 16:51:44,792 - MaskRCNN - INFO - Chatbot is ready
2023-12-28 16:51:44,793 - MaskRCNN - INFO - ZMQ Server started!
2023-12-28 16:52:24,335 - MaskRCNN - INFO - ZMQ Server is ready!
2023-12-28 16:52:29,498 - MaskRCNN - INFO - Chatbot is ready
2023-12-28 16:52:29,498 - MaskRCNN - INFO - ZMQ Server started!
2023-12-28 16:52:35,629 - MaskRCNN - INFO - Message received: inference	{"id": "cf4b9ca7-5fd5-4417-a076-a9f274b788a6", "sentence": "boa tarde."}
2023-12-28 16:52:35,629 - MaskRCNN - INFO - REQ TYPE: inference | data: {'id': 'cf4b9ca7-5fd5-4417-a076-a9f274b788a6', 'sentence': 'boa tarde.'}
2023-12-28 16:57:25,547 - MaskRCNN - INFO - ZMQ Server is ready!
2023-12-28 16:57:31,091 - MaskRCNN - INFO - Chatbot is ready
2023-12-28 16:57:31,091 - MaskRCNN - INFO - ZMQ Server started!
2023-12-28 16:57:33,563 - MaskRCNN - INFO - Message received: inference	{"id": "19d32ff4-7f66-4af0-94c2-6cb51cb8bedb", "sentence": "boa tarde."}
2023-12-28 16:57:33,563 - MaskRCNN - INFO - REQ TYPE: inference | data: {'id': '19d32ff4-7f66-4af0-94c2-6cb51cb8bedb', 'sentence': 'boa tarde.'}
2023-12-28 17:00:26,549 - MaskRCNN - INFO - ZMQ Server is ready!
2023-12-28 17:00:31,823 - MaskRCNN - INFO - Chatbot is ready
2023-12-28 17:00:31,823 - MaskRCNN - INFO - ZMQ Server started!
2023-12-28 17:00:37,178 - MaskRCNN - INFO - Message received: inference	{"id": "3174b56e-8a67-40a2-998b-05a57262bcc2", "sentence": "boa tarde."}
2023-12-28 17:00:37,179 - MaskRCNN - INFO - REQ TYPE: inference | data: {'id': '3174b56e-8a67-40a2-998b-05a57262bcc2', 'sentence': 'boa tarde.'}
2023-12-28 17:00:39,107 - MaskRCNN - INFO - Response: {"id": "48162f79-997a-403a-8110-d25708c39f94", "text": "ol\u00e1 <user> boa tarde ."}
2023-12-28 17:07:07,762 - MaskRCNN - INFO - Message received: inference	{"id": "67f7e5eb-c6a9-4165-a1a3-474883148bc8", "sentence": "boa tarde."}
2023-12-28 17:07:07,763 - MaskRCNN - INFO - REQ TYPE: inference | data: {'id': '67f7e5eb-c6a9-4165-a1a3-474883148bc8', 'sentence': 'boa tarde.'}
2023-12-28 17:07:09,259 - MaskRCNN - INFO - Response: {"id": "f648a971-ed06-4c06-b714-ce7436ab0631", "text": "ol\u00e1 <user> boa tarde ."}
2023-12-28 17:18:18,267 - MaskRCNN - INFO - Message received: inference	{"id": "5870d94d-c27a-474d-95fb-eb59f8e0b9bf", "sentence": "ol\u00e1."}
2023-12-28 17:18:18,267 - MaskRCNN - INFO - REQ TYPE: inference | data: {'id': '5870d94d-c27a-474d-95fb-eb59f8e0b9bf', 'sentence': 'olá.'}
2023-12-28 17:18:19,386 - MaskRCNN - INFO - Response: {"id": "fb415915-231c-46c5-ae6b-aac4ebd14b2e", "text": "oi <user> ."}
2023-12-28 17:20:19,232 - MaskRCNN - INFO - ZMQ Server is ready!
2023-12-28 17:20:25,782 - MaskRCNN - INFO - Chatbot is ready
2023-12-28 17:20:25,782 - MaskRCNN - INFO - ZMQ Server started!
2023-12-28 17:20:36,469 - MaskRCNN - INFO - Message received: inference	{"id": "80ce9e8a-e660-4ab5-9ba7-96d85a466c38", "sentence": "tudo bem?"}
2023-12-28 17:20:36,470 - MaskRCNN - INFO - REQ TYPE: inference | data: {'id': '80ce9e8a-e660-4ab5-9ba7-96d85a466c38', 'sentence': 'tudo bem?'}
2023-12-28 17:20:38,249 - MaskRCNN - INFO - Text response generated by chatbot: meus diagnósticos indicam <status> .
2023-12-28 17:20:38,253 - MaskRCNN - INFO - Response: {"id": "36184076-5e8f-4918-8895-6eff4669d5c1", "text": "meus diagn\u00f3sticos indicam <status> ."}
2023-12-28 17:26:37,711 - MaskRCNN - INFO - ZMQ Server is ready!
2023-12-28 17:27:00,892 - MaskRCNN - INFO - ZMQ Server is ready!
2023-12-28 17:27:06,060 - MaskRCNN - INFO - Chatbot is ready
2023-12-28 17:27:06,060 - MaskRCNN - INFO - ZMQ Server started!
2023-12-28 17:27:14,510 - MaskRCNN - INFO - Message received: inference	{"id": "8b5b30c6-08f5-413d-bbd3-c963faaf1df6", "sentence": "O que \u00e9 citologia?"}
2023-12-28 17:27:14,510 - MaskRCNN - INFO - REQ TYPE: inference | data: {'id': '8b5b30c6-08f5-413d-bbd3-c963faaf1df6', 'sentence': 'O que é citologia?'}
2023-12-28 17:27:16,309 - MaskRCNN - INFO - Text response generated by chatbot: 'o estudo das células .'
2023-12-28 17:27:16,313 - MaskRCNN - INFO - Response: {"id": "6f23410f-8593-4beb-a95e-0b5de19f6fc9", "text": "o estudo das c\u00e9lulas ."}
2023-12-29 09:36:43,616 - MaskRCNN - INFO - ZMQ Server is ready!
2023-12-29 09:36:58,203 - MaskRCNN - INFO - Chatbot is ready
2023-12-29 09:36:58,203 - MaskRCNN - INFO - ZMQ Server started!
2023-12-29 09:43:27,228 - MaskRCNN - INFO - Message received: inference	{"id": "5c709c73-905c-4b4a-a464-adf0b758f12c", "sentence": "bom dia minerva."}
2023-12-29 09:43:27,228 - MaskRCNN - INFO - REQ TYPE: inference | data: {'id': '5c709c73-905c-4b4a-a464-adf0b758f12c', 'sentence': 'bom dia minerva.'}
2023-12-29 09:43:28,841 - MaskRCNN - INFO - Text response generated by chatbot: 'bom dia <user> .'
2023-12-29 09:43:28,868 - MaskRCNN - INFO - Response: {"id": "1776f71d-81f8-4388-b8c7-87a384055468", "text": "bom dia <user> ."}
2023-12-29 09:43:43,140 - MaskRCNN - INFO - Message received: inference	{"id": "673da478-5526-4c24-919f-99313b4c7ca3", "sentence": "tudo bem?"}
2023-12-29 09:43:43,140 - MaskRCNN - INFO - REQ TYPE: inference | data: {'id': '673da478-5526-4c24-919f-99313b4c7ca3', 'sentence': 'tudo bem?'}
2023-12-29 09:43:44,551 - MaskRCNN - INFO - Text response generated by chatbot: 'meus diagnósticos indicam <status> .'
2023-12-29 09:43:44,555 - MaskRCNN - INFO - Response: {"id": "958341bf-0b23-4512-8827-e1c1f2f01ae7", "text": "meus diagn\u00f3sticos indicam <status> ."}
2023-12-29 09:45:44,585 - MaskRCNN - INFO - Message received: inference	{"id": "b86bfe47-01a8-4438-a08d-14c1b8fbe302", "sentence": "o que \u00e9 citologia?"}
2023-12-29 09:45:44,585 - MaskRCNN - INFO - REQ TYPE: inference | data: {'id': 'b86bfe47-01a8-4438-a08d-14c1b8fbe302', 'sentence': 'o que é citologia?'}
2023-12-29 09:45:46,029 - MaskRCNN - INFO - Text response generated by chatbot: 'o estudo das células .'
2023-12-29 09:45:46,033 - MaskRCNN - INFO - Response: {"id": "f2d7768c-6377-4505-9a8f-2e34291936ec", "text": "o estudo das c\u00e9lulas ."}
2023-12-29 09:48:16,040 - MaskRCNN - INFO - Message received: inference	{"id": "19dc3e69-bfda-4992-b3aa-533770af9569", "sentence": "quem \u00e9 voc\u00ea?"}
2023-12-29 09:48:16,040 - MaskRCNN - INFO - REQ TYPE: inference | data: {'id': '19dc3e69-bfda-4992-b3aa-533770af9569', 'sentence': 'quem é você?'}
2023-12-29 09:48:17,854 - MaskRCNN - INFO - Text response generated by chatbot: 'eu sou apenas uma inteligência artificial .'
2023-12-29 09:48:17,858 - MaskRCNN - INFO - Response: {"id": "9638d444-679e-4f99-95eb-b5099f73c47f", "text": "eu sou apenas uma intelig\u00eancia artificial ."}
2023-12-29 09:51:55,465 - MaskRCNN - INFO - Message received: inference	{"id": "b3c93fe2-a202-4062-abca-4012f6bf2d93", "sentence": "bom dia."}
2023-12-29 09:51:55,465 - MaskRCNN - INFO - REQ TYPE: inference | data: {'id': 'b3c93fe2-a202-4062-abca-4012f6bf2d93', 'sentence': 'bom dia.'}
2023-12-29 09:51:56,812 - MaskRCNN - INFO - Text response generated by chatbot: 'bom dia <user> .'
2023-12-29 09:51:56,815 - MaskRCNN - INFO - Response: {"id": "8f03f9e3-2af7-4192-a4c1-19da3df77006", "text": "bom dia <user> ."}
2023-12-29 10:03:25,550 - MaskRCNN - INFO - Message received: inference	{"id": "c36e389b-2aeb-4165-b266-c1512d06c90f", "sentence": "bom dia."}
2023-12-29 10:03:25,551 - MaskRCNN - INFO - REQ TYPE: inference | data: {'id': 'c36e389b-2aeb-4165-b266-c1512d06c90f', 'sentence': 'bom dia.'}
2023-12-29 10:03:26,797 - MaskRCNN - INFO - Text response generated by chatbot: 'bom dia <user> .'
2023-12-29 10:03:26,801 - MaskRCNN - INFO - Response: {"id": "57bc793f-bdf6-4b12-b3e5-a0ce5b1941e8", "text": "bom dia <user> ."}
2023-12-29 14:10:50,710 - MaskRCNN - INFO - ZMQ Server is ready!
2023-12-29 17:29:26,629 - MaskRCNN - INFO - ZMQ Server is ready!
2023-12-29 17:29:37,930 - MaskRCNN - INFO - Chatbot is ready
2023-12-29 17:29:37,931 - MaskRCNN - INFO - ZMQ Server started!
2023-12-29 17:41:57,841 - MaskRCNN - INFO - ZMQ Server is ready!
2023-12-29 17:42:09,799 - MaskRCNN - INFO - Chatbot is ready
2023-12-29 17:42:09,799 - MaskRCNN - INFO - ZMQ Server started!
2023-12-29 17:42:23,630 - MaskRCNN - INFO - Message received: inference	{"id": "12632e8f-71b4-44da-8324-7da7015e77dd", "sentence": "boa tarde."}
2023-12-29 17:42:23,632 - MaskRCNN - INFO - REQ TYPE: inference | data: {'id': '12632e8f-71b4-44da-8324-7da7015e77dd', 'sentence': 'boa tarde.'}
2023-12-29 17:42:25,606 - MaskRCNN - INFO - Text response generated by chatbot: 'olá <user> boa tarde .'
2023-12-29 17:42:25,619 - MaskRCNN - INFO - Response: {"id": "b143a1e1-f569-420e-ac01-382247f2de14", "text": "ol\u00e1 <user> boa tarde ."}
2023-12-29 17:42:48,962 - MaskRCNN - INFO - Message received: inference	{"id": "f59e41f6-bfd3-43ca-8e23-cb1e7fa27963", "sentence": "o que \u00e9 v\u00eanus?"}
2023-12-29 17:42:48,963 - MaskRCNN - INFO - REQ TYPE: inference | data: {'id': 'f59e41f6-bfd3-43ca-8e23-cb1e7fa27963', 'sentence': 'o que é vênus?'}
2023-12-29 17:42:59,139 - MaskRCNN - INFO - Text response generated by chatbot: 'na mitologia romana , a deusa do amor e da beleza identificado com a afrodite grega . o mais brilhante , o sexto maior planeta do sistema solar e o segundo mais distante do sol , com uma densa atmosfera de dióxido de carbono e uma temperatura superficial muito elevada .'
2023-12-29 17:42:59,149 - MaskRCNN - INFO - Response: {"id": "a3242efb-c3da-46d7-998c-fb0112728d9c", "text": "na mitologia romana , a deusa do amor e da beleza identificado com a afrodite grega . o mais brilhante , o sexto maior planeta do sistema solar e o segundo mais distante do sol , com uma densa atmosfera de di\u00f3xido de carbono e uma temperatura superficial muito elevada ."}
2023-12-29 17:44:15,006 - MaskRCNN - INFO - Message received: review	{"id": ["7d7191ee-b93f-4dde-9c20-8a6ee0bab765", null], "feedback": 1}
2023-12-29 17:44:15,007 - MaskRCNN - INFO - REQ TYPE: review | data: {'id': ['7d7191ee-b93f-4dde-9c20-8a6ee0bab765', None], 'feedback': 1}
2023-12-29 17:44:15,007 - MaskRCNN - ERROR - unrecognized token: "7d7191ee"
Traceback (most recent call last):
  File "/home/rene/Projetos/Python/Minerva/src/ZmqServer/ZmqServer.py", line 59, in start
    response = self._handle_request(message)
  File "./src/ZmqServer/main.py", line 71, in _handle_request
    return self._process_review(message.data)
  File "./src/ZmqServer/main.py", line 74, in _process_review
    self.conn.execute(
  File "./src/ZmqServer/main.py", line 39, in execute
    raise ex
  File "./src/ZmqServer/main.py", line 36, in execute
    self._conn.execute(query)
sqlite3.OperationalError: unrecognized token: "7d7191ee"
2023-12-29 17:51:15,166 - MaskRCNN - INFO - Message received: inference	{"id": "00f2fb77-027b-4b31-9c18-c6f9e7cb995e", "sentence": "quem \u00e9 voc\u00ea?"}
2023-12-29 17:51:15,167 - MaskRCNN - INFO - REQ TYPE: inference | data: {'id': '00f2fb77-027b-4b31-9c18-c6f9e7cb995e', 'sentence': 'quem é você?'}
2023-12-29 17:51:17,050 - MaskRCNN - INFO - Text response generated by chatbot: 'eu sou apenas uma inteligência artificial .'
2023-12-29 17:51:17,059 - MaskRCNN - INFO - Response: {"id": "f9bddb6f-dc87-49ed-b221-116f966d5806", "text": "eu sou apenas uma intelig\u00eancia artificial ."}
2023-12-29 17:51:21,038 - MaskRCNN - INFO - Message received: review	{"id": ["f9bddb6f-dc87-49ed-b221-116f966d5806", null], "feedback": 1}
2023-12-29 17:51:21,039 - MaskRCNN - INFO - REQ TYPE: review | data: {'id': ['f9bddb6f-dc87-49ed-b221-116f966d5806', None], 'feedback': 1}
2023-12-29 17:51:21,066 - MaskRCNN - ERROR - near "f9bddb6f": syntax error
Traceback (most recent call last):
  File "/home/rene/Projetos/Python/Minerva/src/ZmqServer/ZmqServer.py", line 59, in start
    response = self._handle_request(message)
  File "./src/ZmqServer/main.py", line 71, in _handle_request
    return self._process_review(message.data)
  File "./src/ZmqServer/main.py", line 74, in _process_review
    self.conn.execute(
  File "./src/ZmqServer/main.py", line 39, in execute
    raise ex
  File "./src/ZmqServer/main.py", line 36, in execute
    self._conn.execute(query)
sqlite3.OperationalError: near "f9bddb6f": syntax error
2023-12-29 17:53:44,596 - MaskRCNN - INFO - Message received: review	{"id": ["f9bddb6f-dc87-49ed-b221-116f966d5806", null], "feedback": 1}
2023-12-29 17:53:44,597 - MaskRCNN - INFO - REQ TYPE: review | data: {'id': ['f9bddb6f-dc87-49ed-b221-116f966d5806', None], 'feedback': 1}
2023-12-29 17:53:44,597 - MaskRCNN - ERROR - near "f9bddb6f": syntax error
Traceback (most recent call last):
  File "/home/rene/Projetos/Python/Minerva/src/ZmqServer/ZmqServer.py", line 59, in start
    response = self._handle_request(message)
  File "./src/ZmqServer/main.py", line 71, in _handle_request
    return self._process_review(message.data)
  File "./src/ZmqServer/main.py", line 74, in _process_review
    self.conn.execute(
  File "./src/ZmqServer/main.py", line 39, in execute
    raise ex
  File "./src/ZmqServer/main.py", line 36, in execute
    self._conn.execute(query)
sqlite3.OperationalError: near "f9bddb6f": syntax error
2023-12-29 17:58:54,531 - MaskRCNN - INFO - Message received: review	{"id": ["f9bddb6f-dc87-49ed-b221-116f966d5806", null], "feedback": 1}
2023-12-29 17:58:54,531 - MaskRCNN - INFO - REQ TYPE: review | data: {'id': ['f9bddb6f-dc87-49ed-b221-116f966d5806', None], 'feedback': 1}
2023-12-29 17:58:54,532 - MaskRCNN - ERROR - near "f9bddb6f": syntax error
Traceback (most recent call last):
  File "/home/rene/Projetos/Python/Minerva/src/ZmqServer/ZmqServer.py", line 59, in start
    response = self._handle_request(message)
  File "./src/ZmqServer/main.py", line 71, in _handle_request
    return self._process_review(message.data)
  File "./src/ZmqServer/main.py", line 74, in _process_review
    self.conn.execute(
  File "./src/ZmqServer/main.py", line 39, in execute
    raise ex
  File "./src/ZmqServer/main.py", line 36, in execute
    self._conn.execute(query)
sqlite3.OperationalError: near "f9bddb6f": syntax error
2023-12-29 17:59:54,027 - MaskRCNN - INFO - Message received: review	{"id": ["f9bddb6f-dc87-49ed-b221-116f966d5806", null], "feedback": 1}
2023-12-29 17:59:54,027 - MaskRCNN - INFO - REQ TYPE: review | data: {'id': ['f9bddb6f-dc87-49ed-b221-116f966d5806', None], 'feedback': 1}
2023-12-29 17:59:54,028 - MaskRCNN - ERROR - near "f9bddb6f": syntax error
Traceback (most recent call last):
  File "/home/rene/Projetos/Python/Minerva/src/ZmqServer/ZmqServer.py", line 59, in start
    response = self._handle_request(message)
  File "./src/ZmqServer/main.py", line 71, in _handle_request
    return self._process_review(message.data)
  File "./src/ZmqServer/main.py", line 74, in _process_review
    self.conn.execute(
  File "./src/ZmqServer/main.py", line 39, in execute
    raise ex
  File "./src/ZmqServer/main.py", line 36, in execute
    self._conn.execute(query)
sqlite3.OperationalError: near "f9bddb6f": syntax error
2023-12-29 18:00:28,164 - MaskRCNN - INFO - Message received: review	{"id": ["f9bddb6f-dc87-49ed-b221-116f966d5806", null], "feedback": 1}
2023-12-29 18:00:28,164 - MaskRCNN - INFO - REQ TYPE: review | data: {'id': ['f9bddb6f-dc87-49ed-b221-116f966d5806', None], 'feedback': 1}
2023-12-29 18:00:28,165 - MaskRCNN - ERROR - near "f9bddb6f": syntax error
Traceback (most recent call last):
  File "/home/rene/Projetos/Python/Minerva/src/ZmqServer/ZmqServer.py", line 59, in start
    response = self._handle_request(message)
  File "./src/ZmqServer/main.py", line 71, in _handle_request
    return self._process_review(message.data)
  File "./src/ZmqServer/main.py", line 74, in _process_review
    self.conn.execute(
  File "./src/ZmqServer/main.py", line 39, in execute
    raise ex
  File "./src/ZmqServer/main.py", line 36, in execute
    self._conn.execute(query)
sqlite3.OperationalError: near "f9bddb6f": syntax error
2023-12-29 18:00:50,457 - MaskRCNN - INFO - Message received: review	{"id": ["f9bddb6f-dc87-49ed-b221-116f966d5806", null], "feedback": 1}
2023-12-29 18:00:50,457 - MaskRCNN - INFO - REQ TYPE: review | data: {'id': ['f9bddb6f-dc87-49ed-b221-116f966d5806', None], 'feedback': 1}
2023-12-29 18:00:50,457 - MaskRCNN - ERROR - near "f9bddb6f": syntax error
Traceback (most recent call last):
  File "/home/rene/Projetos/Python/Minerva/src/ZmqServer/ZmqServer.py", line 59, in start
    response = self._handle_request(message)
  File "./src/ZmqServer/main.py", line 71, in _handle_request
    return self._process_review(message.data)
  File "./src/ZmqServer/main.py", line 74, in _process_review
    self.conn.execute(
  File "./src/ZmqServer/main.py", line 39, in execute
    raise ex
  File "./src/ZmqServer/main.py", line 36, in execute
    self._conn.execute(query)
sqlite3.OperationalError: near "f9bddb6f": syntax error
2023-12-29 18:01:13,916 - MaskRCNN - INFO - Message received: review	{"id": ["f9bddb6f-dc87-49ed-b221-116f966d5806", null], "feedback": 1}
2023-12-29 18:01:13,917 - MaskRCNN - INFO - REQ TYPE: review | data: {'id': ['f9bddb6f-dc87-49ed-b221-116f966d5806', None], 'feedback': 1}
2023-12-29 18:01:13,919 - MaskRCNN - ERROR - near "f9bddb6f": syntax error
Traceback (most recent call last):
  File "/home/rene/Projetos/Python/Minerva/src/ZmqServer/ZmqServer.py", line 59, in start
    response = self._handle_request(message)
  File "./src/ZmqServer/main.py", line 71, in _handle_request
    return self._process_review(message.data)
  File "./src/ZmqServer/main.py", line 74, in _process_review
    self.conn.execute(
  File "./src/ZmqServer/main.py", line 39, in execute
    raise ex
  File "./src/ZmqServer/main.py", line 36, in execute
    self._conn.execute(query)
sqlite3.OperationalError: near "f9bddb6f": syntax error
2023-12-29 18:01:34,954 - MaskRCNN - INFO - Message received: review	{"id": "f9bddb6f-dc87-49ed-b221-116f966d5806", "feedback": 1}
2023-12-29 18:01:34,955 - MaskRCNN - INFO - REQ TYPE: review | data: {'id': 'f9bddb6f-dc87-49ed-b221-116f966d5806', 'feedback': 1}
2023-12-29 18:01:39,966 - MaskRCNN - ERROR - database is locked
Traceback (most recent call last):
  File "/home/rene/Projetos/Python/Minerva/src/ZmqServer/ZmqServer.py", line 59, in start
    response = self._handle_request(message)
  File "./src/ZmqServer/main.py", line 71, in _handle_request
    return self._process_review(message.data)
  File "./src/ZmqServer/main.py", line 74, in _process_review
    self.conn.execute(
  File "./src/ZmqServer/main.py", line 41, in execute
    self._conn.commit()
sqlite3.OperationalError: database is locked
2023-12-29 18:01:54,610 - MaskRCNN - INFO - Message received: review	{"id": "f9bddb6f-dc87-49ed-b221-116f966d5806", "feedback": 1}
2023-12-29 18:01:54,611 - MaskRCNN - INFO - REQ TYPE: review | data: {'id': 'f9bddb6f-dc87-49ed-b221-116f966d5806', 'feedback': 1}
2023-12-29 18:01:54,613 - MaskRCNN - ERROR - cannot start a transaction within a transaction
Traceback (most recent call last):
  File "/home/rene/Projetos/Python/Minerva/src/ZmqServer/ZmqServer.py", line 59, in start
    response = self._handle_request(message)
  File "./src/ZmqServer/main.py", line 71, in _handle_request
    return self._process_review(message.data)
  File "./src/ZmqServer/main.py", line 74, in _process_review
    self.conn.execute(
  File "./src/ZmqServer/main.py", line 33, in execute
    self._conn.execute("BEGIN TRANSACTION;")
sqlite3.OperationalError: cannot start a transaction within a transaction
2023-12-29 18:05:56,665 - MaskRCNN - INFO - ZMQ Server is ready!
2023-12-29 18:06:04,851 - MaskRCNN - INFO - Chatbot is ready
2023-12-29 18:06:04,852 - MaskRCNN - INFO - ZMQ Server started!
2023-12-29 18:06:50,633 - MaskRCNN - INFO - Message received: inference	{"id": "c78291ba-c7a2-4a0f-a706-c30ceb188cca", "sentence": "bom dia."}
2023-12-29 18:06:50,634 - MaskRCNN - INFO - REQ TYPE: inference | data: {'id': 'c78291ba-c7a2-4a0f-a706-c30ceb188cca', 'sentence': 'bom dia.'}
2023-12-29 18:06:52,233 - MaskRCNN - INFO - Text response generated by chatbot: 'bom dia <user> .'
2023-12-29 18:06:52,249 - MaskRCNN - INFO - Response: {"id": "dcd5934e-a55c-4324-b6ed-129836b830cc", "text": "bom dia <user> ."}
2023-12-29 18:06:54,422 - MaskRCNN - INFO - Message received: review	{"id": "dcd5934e-a55c-4324-b6ed-129836b830cc", "feedback": 1}
2023-12-29 18:06:54,424 - MaskRCNN - INFO - REQ TYPE: review | data: {'id': 'dcd5934e-a55c-4324-b6ed-129836b830cc', 'feedback': 1}
2023-12-29 18:06:54,452 - MaskRCNN - INFO - Response: {"status": true}
2023-12-29 18:08:04,972 - MaskRCNN - INFO - Message received: inference	{"id": "62d51cc7-0e12-43bb-95bc-9147dcadf655", "sentence": "oi"}
2023-12-29 18:08:04,973 - MaskRCNN - INFO - REQ TYPE: inference | data: {'id': '62d51cc7-0e12-43bb-95bc-9147dcadf655', 'sentence': 'oi'}
2023-12-29 18:08:06,104 - MaskRCNN - INFO - Text response generated by chatbot: 'olá <user> .'
2023-12-29 18:08:06,109 - MaskRCNN - INFO - Response: {"id": "b2aab9ad-117f-408a-b5f9-bf01371af7ca", "text": "ol\u00e1 <user> ."}
2023-12-29 18:08:08,631 - MaskRCNN - INFO - Message received: review	{"id": "b2aab9ad-117f-408a-b5f9-bf01371af7ca", "feedback": 1}
2023-12-29 18:08:08,631 - MaskRCNN - INFO - REQ TYPE: review | data: {'id': 'b2aab9ad-117f-408a-b5f9-bf01371af7ca', 'feedback': 1}
2023-12-29 18:08:08,640 - MaskRCNN - INFO - Response: {"status": true}
2023-12-29 18:09:01,103 - MaskRCNN - INFO - ZMQ Server is ready!
2023-12-29 18:09:06,627 - MaskRCNN - INFO - Chatbot is ready
2023-12-29 18:09:06,628 - MaskRCNN - INFO - ZMQ Server started!
2023-12-29 18:09:43,331 - MaskRCNN - INFO - Message received: inference	{"id": "60cbb4a6-4a22-406d-ad5f-ef34e578d364", "sentence": "o que \u00e9 bacteriologia?"}
2023-12-29 18:09:43,331 - MaskRCNN - INFO - REQ TYPE: inference | data: {'id': '60cbb4a6-4a22-406d-ad5f-ef34e578d364', 'sentence': 'o que é bacteriologia?'}
2023-12-29 18:09:46,591 - MaskRCNN - INFO - Text response generated by chatbot: 'este é o estudo científico das bactérias e doenças causadas por elas .'
2023-12-29 18:09:46,596 - MaskRCNN - INFO - Response: {"id": "abd454d7-203b-4f60-991f-8c892e2188bc", "text": "este \u00e9 o estudo cient\u00edfico das bact\u00e9rias e doen\u00e7as causadas por elas ."}
2023-12-29 18:09:52,183 - MaskRCNN - INFO - Message received: review	{"id": "abd454d7-203b-4f60-991f-8c892e2188bc", "feedback": 1}
2023-12-29 18:09:52,183 - MaskRCNN - INFO - REQ TYPE: review | data: {'id': 'abd454d7-203b-4f60-991f-8c892e2188bc', 'feedback': 1}
2023-12-29 18:09:52,188 - MaskRCNN - INFO - Response: {"status": true}
2024-01-05 19:27:26,429 - MaskRCNN - INFO - ZMQ Server is ready!
2024-01-05 19:27:35,301 - MaskRCNN - INFO - Chatbot is ready
2024-01-05 19:27:35,307 - MaskRCNN - INFO - ZMQ Server started!
2024-01-05 19:27:47,589 - MaskRCNN - INFO - Message received: inference	{"id": "2077f661-6be9-452f-8283-d9077ea15efe", "sentence": "boa noite."}
2024-01-05 19:27:47,599 - MaskRCNN - INFO - REQ TYPE: inference | data: {'id': '2077f661-6be9-452f-8283-d9077ea15efe', 'sentence': 'boa noite.'}
2024-01-05 19:27:48,977 - MaskRCNN - INFO - Text response generated by chatbot: 'boa noite <user> .'
2024-01-05 19:27:48,995 - MaskRCNN - INFO - Response: {"id": "25e9956c-2a35-4a8d-92be-e6b47a291a22", "text": "boa noite <user> .", "examples": [], "languages": []}
2024-01-05 19:28:46,964 - MaskRCNN - INFO - Message received: inference	{"id": "9bfc2016-e697-4940-9589-a64f3c5e4af5", "sentence": "boa noite."}
2024-01-05 19:28:46,964 - MaskRCNN - INFO - REQ TYPE: inference | data: {'id': '9bfc2016-e697-4940-9589-a64f3c5e4af5', 'sentence': 'boa noite.'}
2024-01-05 19:28:48,255 - MaskRCNN - INFO - Text response generated by chatbot: 'boa noite <user> .'
2024-01-05 19:28:48,260 - MaskRCNN - INFO - Response: {"id": "53f618e5-f61e-4058-8bcc-e833a7e89c69", "text": "boa noite <user> .", "examples": [], "languages": []}
2024-01-05 19:30:16,148 - MaskRCNN - INFO - Message received: inference	{"id": "1be29862-cdd3-4b42-b749-422c4ca5cf57", "sentence": "boa noite."}
2024-01-05 19:30:16,148 - MaskRCNN - INFO - REQ TYPE: inference | data: {'id': '1be29862-cdd3-4b42-b749-422c4ca5cf57', 'sentence': 'boa noite.'}
2024-01-05 19:30:17,518 - MaskRCNN - INFO - Text response generated by chatbot: 'boa noite <user> .'
2024-01-05 19:30:17,524 - MaskRCNN - INFO - Response: {"id": "8b9b03e9-be1a-478b-9c7e-0d343312d31d", "text": "boa noite <user> .", "examples": [], "languages": []}
2024-01-05 19:32:09,006 - MaskRCNN - INFO - Message received: inference	{"id": "dc27f3b9-0454-41f9-a1e3-ef27aa402dbe", "sentence": "boa noite."}
2024-01-05 19:32:09,007 - MaskRCNN - INFO - REQ TYPE: inference | data: {'id': 'dc27f3b9-0454-41f9-a1e3-ef27aa402dbe', 'sentence': 'boa noite.'}
2024-01-05 19:32:10,408 - MaskRCNN - INFO - Text response generated by chatbot: 'boa noite <user> .'
2024-01-05 19:32:10,423 - MaskRCNN - INFO - Response: {"id": "ba575cbd-14ab-4d21-bedc-25fa73b9208d", "text": "boa noite <user> .", "examples": [], "languages": []}
2024-01-05 19:32:25,495 - MaskRCNN - INFO - Message received: inference	{"id": "86774d0a-aa79-4442-9db2-14c9fefb707c", "sentence": "como posso listar arquivos no linux?"}
2024-01-05 19:32:25,495 - MaskRCNN - INFO - REQ TYPE: inference | data: {'id': '86774d0a-aa79-4442-9db2-14c9fefb707c', 'sentence': 'como posso listar arquivos no linux?'}
2024-01-05 19:32:30,147 - MaskRCNN - INFO - Text response generated by chatbot: 'você pode fazer isso usando o comando ls . exemplo : ` <langbash> $ ls <br> arquivo1.txt arquivo2.png subdiretorio ` .'
2024-01-05 19:32:30,153 - MaskRCNN - INFO - Response: {"id": "b5c12ec4-b192-49be-a088-5f692155264d", "text": "voc\u00ea pode fazer isso usando o comando ls . exemplo :  .", "examples": ["`  $ ls <br> arquivo1.txt arquivo2.png subdiretorio `"], "languages": ["<langbash>"]}
2024-01-05 19:36:46,375 - MaskRCNN - INFO - ZMQ Server is ready!
2024-01-05 19:36:52,717 - MaskRCNN - INFO - Chatbot is ready
2024-01-05 19:36:52,717 - MaskRCNN - INFO - ZMQ Server started!
2024-01-05 19:37:02,785 - MaskRCNN - INFO - Message received: inference	{"id": "25b4fb78-a99a-4843-9089-516d41e28538", "sentence": "como posso listar arquivos no linux?"}
2024-01-05 19:37:02,786 - MaskRCNN - INFO - REQ TYPE: inference | data: {'id': '25b4fb78-a99a-4843-9089-516d41e28538', 'sentence': 'como posso listar arquivos no linux?'}
2024-01-05 19:37:07,699 - MaskRCNN - INFO - Text response generated by chatbot: 'você pode fazer isso usando o comando ls . exemplo : ` <langbash> $ ls <br> arquivo1.txt arquivo2.png subdiretorio ` .'
2024-01-05 19:37:07,708 - MaskRCNN - INFO - Response: {"id": "0699a250-067b-4a1b-8db9-c4f4c5855a97", "text": "voc\u00ea pode fazer isso usando o comando ls . exemplo :  .", "examples": ["$ ls  arquivo1.txt arquivo2.png subdiretorio"], "languages": ["Bash"]}
2024-01-05 19:38:25,558 - MaskRCNN - INFO - Message received: inference	{"id": "05c5a470-4d62-4951-9f8b-189e31ac7df6", "sentence": "como posso listar arquivos detalhadamente no linux?"}
2024-01-05 19:38:25,559 - MaskRCNN - INFO - REQ TYPE: inference | data: {'id': '05c5a470-4d62-4951-9f8b-189e31ac7df6', 'sentence': 'como posso listar arquivos detalhadamente no linux?'}
2024-01-05 19:38:34,271 - MaskRCNN - INFO - Text response generated by chatbot: 'você pode fazer isso usando o comando ls -l . exemplo : ` <langbash> $ ls -l <br> total 8 <br> <rwrr> 1 usuario grupo 1000 jan 1 10 [UNK] arquivo1.txt <br> <rwrr> 1 usuario grupo 1000 jan 1 11 [UNK] arquivo2.png ` .'
2024-01-05 19:38:34,276 - MaskRCNN - INFO - Response: {"id": "8adba474-673b-4290-b4d4-96cc1ffd1474", "text": "voc\u00ea pode fazer isso usando o comando ls -l . exemplo :  .", "examples": ["$ ls -l  total 8  <rwrr> 1 usuario grupo 1000 jan 1 10 [UNK] arquivo1.txt  <rwrr> 1 usuario grupo 1000 jan 1 11 [UNK] arquivo2.png"], "languages": ["Bash"]}
2024-01-05 19:39:10,167 - MaskRCNN - INFO - Message received: inference	{"id": "8db484bd-3b0a-4961-b3d7-4ed0bca6c756", "sentence": "como posso visualizar o conte\u00fado de um arquivo no linux?"}
2024-01-05 19:39:10,168 - MaskRCNN - INFO - REQ TYPE: inference | data: {'id': '8db484bd-3b0a-4961-b3d7-4ed0bca6c756', 'sentence': 'como posso visualizar o conteúdo de um arquivo no linux?'}
2024-01-05 19:39:14,745 - MaskRCNN - INFO - Text response generated by chatbot: 'você pode usar o comando cat . exemplo : ` <langbash> cat nome_do_arquivo <br> exemplo de texto do arquivo ` .'
2024-01-05 19:39:14,750 - MaskRCNN - INFO - Response: {"id": "018ddbc6-2a60-4e70-b4ee-b40b92d0c55b", "text": "voc\u00ea pode usar o comando cat . exemplo :  .", "examples": ["cat nome_do_arquivo  exemplo de texto do arquivo"], "languages": ["Bash"]}
2024-01-05 19:41:14,889 - MaskRCNN - INFO - ZMQ Server is ready!
2024-01-05 19:41:19,988 - MaskRCNN - INFO - Chatbot is ready
2024-01-05 19:41:19,989 - MaskRCNN - INFO - ZMQ Server started!
2024-01-05 19:41:30,299 - MaskRCNN - INFO - Message received: inference	{"id": "655ff6d2-3502-4ceb-9d2d-bb6c9ba94037", "sentence": "como posso visualizar o conte\u00fado de um arquivo no linux?"}
2024-01-05 19:41:30,299 - MaskRCNN - INFO - REQ TYPE: inference | data: {'id': '655ff6d2-3502-4ceb-9d2d-bb6c9ba94037', 'sentence': 'como posso visualizar o conteúdo de um arquivo no linux?'}
2024-01-05 19:41:35,526 - MaskRCNN - INFO - Text response generated by chatbot: 'você pode usar o comando cat . exemplo : ` <langbash> cat nome_do_arquivo <br> exemplo de texto do arquivo ` .'
2024-01-05 19:41:35,535 - MaskRCNN - INFO - Response: {"id": "d23c4e85-c7eb-48f3-b82e-20986d8ccf87", "text": "voc\u00ea pode usar o comando cat . exemplo :  .", "examples": ["cat nome_do_arquivo \n exemplo de texto do arquivo"], "languages": ["Bash"]}
2024-01-05 19:41:57,483 - MaskRCNN - INFO - Message received: inference	{"id": "79510c2d-4a6e-4782-b6c2-68c4578aad95", "sentence": "comando para listar arquivos ocultos no linux."}
2024-01-05 19:41:57,484 - MaskRCNN - INFO - REQ TYPE: inference | data: {'id': '79510c2d-4a6e-4782-b6c2-68c4578aad95', 'sentence': 'comando para listar arquivos ocultos no linux.'}
2024-01-05 19:42:02,328 - MaskRCNN - INFO - Text response generated by chatbot: 'você pode fazer isso usando o comando ls -a . exemplo : ` <langbash> $ ls <br> arquivo1.txt arquivo2.png subdiretorio .arquivo_oculto ` .'
2024-01-05 19:42:02,336 - MaskRCNN - INFO - Response: {"id": "ee1b3641-af3b-4179-8010-2996ca6bd579", "text": "voc\u00ea pode fazer isso usando o comando ls -a . exemplo :  .", "examples": ["$ ls \n arquivo1.txt arquivo2.png subdiretorio .arquivo_oculto"], "languages": ["Bash"]}
2024-01-05 19:42:22,733 - MaskRCNN - INFO - Message received: inference	{"id": "7eac3bb8-f03b-4f98-8e0a-f14dd5d64495", "sentence": "bacana."}
2024-01-05 19:42:22,734 - MaskRCNN - INFO - REQ TYPE: inference | data: {'id': '7eac3bb8-f03b-4f98-8e0a-f14dd5d64495', 'sentence': 'bacana.'}
2024-01-05 19:42:24,003 - MaskRCNN - INFO - Text response generated by chatbot: 'eu te assusto ?'
2024-01-05 19:42:24,009 - MaskRCNN - INFO - Response: {"id": "56c6fc9d-de73-41a1-b73d-24c5b50adfa8", "text": "eu te assusto ?", "examples": [], "languages": []}
2024-01-05 19:42:30,633 - MaskRCNN - INFO - Message received: inference	{"id": "d5469419-57d2-405d-89ef-8b89b58c9a93", "sentence": "n\u00e3o."}
2024-01-05 19:42:30,633 - MaskRCNN - INFO - REQ TYPE: inference | data: {'id': 'd5469419-57d2-405d-89ef-8b89b58c9a93', 'sentence': 'não.'}
2024-01-05 19:42:32,267 - MaskRCNN - INFO - Text response generated by chatbot: 'essa é uma questão filosófica ?'
2024-01-05 19:42:32,279 - MaskRCNN - INFO - Response: {"id": "671b2078-29f6-4d76-9c29-afccc84ff7e4", "text": "essa \u00e9 uma quest\u00e3o filos\u00f3fica ?", "examples": [], "languages": []}
2024-01-05 19:42:57,072 - MaskRCNN - INFO - Message received: inference	{"id": "83b30476-ec99-43e6-afb9-5112fc8c6c59", "sentence": "o que \u00e9 linux?"}
2024-01-05 19:42:57,073 - MaskRCNN - INFO - REQ TYPE: inference | data: {'id': '83b30476-ec99-43e6-afb9-5112fc8c6c59', 'sentence': 'o que é linux?'}
2024-01-05 19:43:06,354 - MaskRCNN - INFO - Text response generated by chatbot: 'linux é um sistema operacional de código aberto que gerencia recursos e hardware de um sistema , como cpu , memória e armazenamento . ele foi criado pelo finlandês linus torvalds em 1991 e é distribuído sob a licença pública geral ( gpl ) gnu .'
2024-01-05 19:43:06,358 - MaskRCNN - INFO - Response: {"id": "4bca7a8f-7048-4c92-af41-1fcce62619cd", "text": "linux \u00e9 um sistema operacional de c\u00f3digo aberto que gerencia recursos e hardware de um sistema , como cpu , mem\u00f3ria e armazenamento . ele foi criado pelo finland\u00eas linus torvalds em 1991 e \u00e9 distribu\u00eddo sob a licen\u00e7a p\u00fablica geral ( gpl ) gnu .", "examples": [], "languages": []}
2024-01-05 19:43:32,810 - MaskRCNN - INFO - Message received: inference	{"id": "6ed7efb5-3dbf-4c53-9d73-a5ea413c1fa3", "sentence": "thau minerva."}
2024-01-05 19:43:32,811 - MaskRCNN - INFO - REQ TYPE: inference | data: {'id': '6ed7efb5-3dbf-4c53-9d73-a5ea413c1fa3', 'sentence': 'thau minerva.'}
2024-01-05 19:43:33,938 - MaskRCNN - INFO - Text response generated by chatbot: 'thau <user> .'
2024-01-05 19:43:33,946 - MaskRCNN - INFO - Response: {"id": "74159565-4f16-47d0-bc41-f3471353f7f8", "text": "thau <user> .", "examples": [], "languages": []}
