2023-12-28 17:18:18,266 - MaskRCNN - INFO - Sending request to ZMQ server: inference	{"id": "5870d94d-c27a-474d-95fb-eb59f8e0b9bf", "sentence": "ol\u00e1."}
2023-12-28 17:18:19,386 - MaskRCNN - INFO - Response received from server: {"id": "fb415915-231c-46c5-ae6b-aac4ebd14b2e", "text": "oi <user> ."}
2023-12-28 17:20:36,465 - MaskRCNN - INFO - Sending request to ZMQ server: inference	{"id": "80ce9e8a-e660-4ab5-9ba7-96d85a466c38", "sentence": "tudo bem?"}
2023-12-28 17:20:38,253 - MaskRCNN - INFO - Response received from server: {"id": "36184076-5e8f-4918-8895-6eff4669d5c1", "text": "meus diagn\u00f3sticos indicam <status> ."}
2023-12-28 17:27:14,509 - MaskRCNN - INFO - Sending request to ZMQ server: inference	{"id": "8b5b30c6-08f5-413d-bbd3-c963faaf1df6", "sentence": "O que \u00e9 citologia?"}
2023-12-28 17:27:16,313 - MaskRCNN - INFO - Response received from server: {"id": "6f23410f-8593-4beb-a95e-0b5de19f6fc9", "text": "o estudo das c\u00e9lulas ."}
2023-12-29 09:43:27,220 - MaskRCNN - INFO - Sending request to ZMQ server: inference	{"id": "5c709c73-905c-4b4a-a464-adf0b758f12c", "sentence": "bom dia minerva."}
2023-12-29 09:43:28,868 - MaskRCNN - INFO - Response received from server: {"id": "1776f71d-81f8-4388-b8c7-87a384055468", "text": "bom dia <user> ."}
2023-12-29 09:43:43,139 - MaskRCNN - INFO - Sending request to ZMQ server: inference	{"id": "673da478-5526-4c24-919f-99313b4c7ca3", "sentence": "tudo bem?"}
2023-12-29 09:43:44,556 - MaskRCNN - INFO - Response received from server: {"id": "958341bf-0b23-4512-8827-e1c1f2f01ae7", "text": "meus diagn\u00f3sticos indicam <status> ."}
2023-12-29 09:45:44,584 - MaskRCNN - INFO - Sending request to ZMQ server: inference	{"id": "b86bfe47-01a8-4438-a08d-14c1b8fbe302", "sentence": "o que \u00e9 citologia?"}
2023-12-29 09:45:46,033 - MaskRCNN - INFO - Response received from server: {"id": "f2d7768c-6377-4505-9a8f-2e34291936ec", "text": "o estudo das c\u00e9lulas ."}
2023-12-29 09:48:16,040 - MaskRCNN - INFO - Sending request to ZMQ server: inference	{"id": "19dc3e69-bfda-4992-b3aa-533770af9569", "sentence": "quem \u00e9 voc\u00ea?"}
2023-12-29 09:48:17,858 - MaskRCNN - INFO - Response received from server: {"id": "9638d444-679e-4f99-95eb-b5099f73c47f", "text": "eu sou apenas uma intelig\u00eancia artificial ."}
2023-12-29 09:51:55,464 - MaskRCNN - INFO - Sending request to ZMQ server: inference	{"id": "b3c93fe2-a202-4062-abca-4012f6bf2d93", "sentence": "bom dia."}
2023-12-29 09:51:56,816 - MaskRCNN - INFO - Response received from server: {"id": "8f03f9e3-2af7-4192-a4c1-19da3df77006", "text": "bom dia <user> ."}
2023-12-29 10:03:25,550 - MaskRCNN - INFO - Sending request to ZMQ server: inference	{"id": "c36e389b-2aeb-4165-b266-c1512d06c90f", "sentence": "bom dia."}
2023-12-29 10:03:26,801 - MaskRCNN - INFO - Response received from server: {"id": "57bc793f-bdf6-4b12-b3e5-a0ce5b1941e8", "text": "bom dia <user> ."}
2023-12-29 17:42:23,626 - MaskRCNN - INFO - Sending request to ZMQ server: inference	{"id": "12632e8f-71b4-44da-8324-7da7015e77dd", "sentence": "boa tarde."}
2023-12-29 17:42:25,619 - MaskRCNN - INFO - Response received from server: {"id": "b143a1e1-f569-420e-ac01-382247f2de14", "text": "ol\u00e1 <user> boa tarde ."}
2023-12-29 17:42:48,962 - MaskRCNN - INFO - Sending request to ZMQ server: inference	{"id": "f59e41f6-bfd3-43ca-8e23-cb1e7fa27963", "sentence": "o que \u00e9 v\u00eanus?"}
2023-12-29 17:42:59,149 - MaskRCNN - INFO - Response received from server: {"id": "a3242efb-c3da-46d7-998c-fb0112728d9c", "text": "na mitologia romana , a deusa do amor e da beleza identificado com a afrodite grega . o mais brilhante , o sexto maior planeta do sistema solar e o segundo mais distante do sol , com uma densa atmosfera de di\u00f3xido de carbono e uma temperatura superficial muito elevada ."}
2023-12-29 17:44:15,006 - MaskRCNN - INFO - Sending request to ZMQ server: review	{"id": ["7d7191ee-b93f-4dde-9c20-8a6ee0bab765", null], "feedback": 1}
2023-12-29 17:44:15,009 - MaskRCNN - INFO - Response received from server: {"error": "unrecognized token: \"7d7191ee\""}
2023-12-29 17:51:15,165 - MaskRCNN - INFO - Sending request to ZMQ server: inference	{"id": "00f2fb77-027b-4b31-9c18-c6f9e7cb995e", "sentence": "quem \u00e9 voc\u00ea?"}
2023-12-29 17:51:17,060 - MaskRCNN - INFO - Response received from server: {"id": "f9bddb6f-dc87-49ed-b221-116f966d5806", "text": "eu sou apenas uma intelig\u00eancia artificial ."}
2023-12-29 17:51:21,037 - MaskRCNN - INFO - Sending request to ZMQ server: review	{"id": ["f9bddb6f-dc87-49ed-b221-116f966d5806", null], "feedback": 1}
2023-12-29 17:51:21,067 - MaskRCNN - INFO - Response received from server: {"error": "near \"f9bddb6f\": syntax error"}
2023-12-29 17:53:44,595 - MaskRCNN - INFO - Sending request to ZMQ server: review	{"id": ["f9bddb6f-dc87-49ed-b221-116f966d5806", null], "feedback": 1}
2023-12-29 17:53:44,599 - MaskRCNN - INFO - Response received from server: {"error": "near \"f9bddb6f\": syntax error"}
2023-12-29 17:58:54,529 - MaskRCNN - INFO - Sending request to ZMQ server: review	{"id": ["f9bddb6f-dc87-49ed-b221-116f966d5806", null], "feedback": 1}
2023-12-29 17:58:54,534 - MaskRCNN - INFO - Response received from server: {"error": "near \"f9bddb6f\": syntax error"}
2023-12-29 17:59:54,026 - MaskRCNN - INFO - Sending request to ZMQ server: review	{"id": ["f9bddb6f-dc87-49ed-b221-116f966d5806", null], "feedback": 1}
2023-12-29 17:59:54,030 - MaskRCNN - INFO - Response received from server: {"error": "near \"f9bddb6f\": syntax error"}
2023-12-29 18:00:28,164 - MaskRCNN - INFO - Sending request to ZMQ server: review	{"id": ["f9bddb6f-dc87-49ed-b221-116f966d5806", null], "feedback": 1}
2023-12-29 18:00:28,165 - MaskRCNN - INFO - Response received from server: {"error": "near \"f9bddb6f\": syntax error"}
2023-12-29 18:00:50,456 - MaskRCNN - INFO - Sending request to ZMQ server: review	{"id": ["f9bddb6f-dc87-49ed-b221-116f966d5806", null], "feedback": 1}
2023-12-29 18:00:50,458 - MaskRCNN - INFO - Response received from server: {"error": "near \"f9bddb6f\": syntax error"}
2023-12-29 18:01:13,915 - MaskRCNN - INFO - Sending request to ZMQ server: review	{"id": ["f9bddb6f-dc87-49ed-b221-116f966d5806", null], "feedback": 1}
2023-12-29 18:01:13,921 - MaskRCNN - INFO - Response received from server: {"error": "near \"f9bddb6f\": syntax error"}
2023-12-29 18:01:34,954 - MaskRCNN - INFO - Sending request to ZMQ server: review	{"id": "f9bddb6f-dc87-49ed-b221-116f966d5806", "feedback": 1}
2023-12-29 18:01:39,967 - MaskRCNN - INFO - Response received from server: {"error": "database is locked"}
2023-12-29 18:01:54,609 - MaskRCNN - INFO - Sending request to ZMQ server: review	{"id": "f9bddb6f-dc87-49ed-b221-116f966d5806", "feedback": 1}
2023-12-29 18:01:54,614 - MaskRCNN - INFO - Response received from server: {"error": "cannot start a transaction within a transaction"}
2023-12-29 18:06:50,629 - MaskRCNN - INFO - Sending request to ZMQ server: inference	{"id": "c78291ba-c7a2-4a0f-a706-c30ceb188cca", "sentence": "bom dia."}
2023-12-29 18:06:52,250 - MaskRCNN - INFO - Response received from server: {"id": "dcd5934e-a55c-4324-b6ed-129836b830cc", "text": "bom dia <user> ."}
2023-12-29 18:06:54,418 - MaskRCNN - INFO - Sending request to ZMQ server: review	{"id": "dcd5934e-a55c-4324-b6ed-129836b830cc", "feedback": 1}
2023-12-29 18:06:54,460 - MaskRCNN - INFO - Response received from server: {"status": true}
2023-12-29 18:08:04,972 - MaskRCNN - INFO - Sending request to ZMQ server: inference	{"id": "62d51cc7-0e12-43bb-95bc-9147dcadf655", "sentence": "oi"}
2023-12-29 18:08:06,109 - MaskRCNN - INFO - Response received from server: {"id": "b2aab9ad-117f-408a-b5f9-bf01371af7ca", "text": "ol\u00e1 <user> ."}
2023-12-29 18:08:08,630 - MaskRCNN - INFO - Sending request to ZMQ server: review	{"id": "b2aab9ad-117f-408a-b5f9-bf01371af7ca", "feedback": 1}
2023-12-29 18:08:08,641 - MaskRCNN - INFO - Response received from server: {"status": true}
2023-12-29 18:09:43,330 - MaskRCNN - INFO - Sending request to ZMQ server: inference	{"id": "60cbb4a6-4a22-406d-ad5f-ef34e578d364", "sentence": "o que \u00e9 bacteriologia?"}
2023-12-29 18:09:46,597 - MaskRCNN - INFO - Response received from server: {"id": "abd454d7-203b-4f60-991f-8c892e2188bc", "text": "este \u00e9 o estudo cient\u00edfico das bact\u00e9rias e doen\u00e7as causadas por elas ."}
2023-12-29 18:09:52,182 - MaskRCNN - INFO - Sending request to ZMQ server: review	{"id": "abd454d7-203b-4f60-991f-8c892e2188bc", "feedback": 1}
2023-12-29 18:09:52,190 - MaskRCNN - INFO - Response received from server: {"status": true}
2024-01-05 19:27:47,586 - MaskRCNN - INFO - Sending request to ZMQ server: inference	{"id": "2077f661-6be9-452f-8283-d9077ea15efe", "sentence": "boa noite."}
2024-01-05 19:27:48,997 - MaskRCNN - INFO - Response received from server: {"id": "25e9956c-2a35-4a8d-92be-e6b47a291a22", "text": "boa noite <user> .", "examples": [], "languages": []}
2024-01-05 19:28:46,963 - MaskRCNN - INFO - Sending request to ZMQ server: inference	{"id": "9bfc2016-e697-4940-9589-a64f3c5e4af5", "sentence": "boa noite."}
2024-01-05 19:28:48,261 - MaskRCNN - INFO - Response received from server: {"id": "53f618e5-f61e-4058-8bcc-e833a7e89c69", "text": "boa noite <user> .", "examples": [], "languages": []}
2024-01-05 19:30:16,146 - MaskRCNN - INFO - Sending request to ZMQ server: inference	{"id": "1be29862-cdd3-4b42-b749-422c4ca5cf57", "sentence": "boa noite."}
2024-01-05 19:30:17,524 - MaskRCNN - INFO - Response received from server: {"id": "8b9b03e9-be1a-478b-9c7e-0d343312d31d", "text": "boa noite <user> .", "examples": [], "languages": []}
2024-01-05 19:32:09,006 - MaskRCNN - INFO - Sending request to ZMQ server: inference	{"id": "dc27f3b9-0454-41f9-a1e3-ef27aa402dbe", "sentence": "boa noite."}
2024-01-05 19:32:10,424 - MaskRCNN - INFO - Response received from server: {"id": "ba575cbd-14ab-4d21-bedc-25fa73b9208d", "text": "boa noite <user> .", "examples": [], "languages": []}
2024-01-05 19:32:25,494 - MaskRCNN - INFO - Sending request to ZMQ server: inference	{"id": "86774d0a-aa79-4442-9db2-14c9fefb707c", "sentence": "como posso listar arquivos no linux?"}
2024-01-05 19:32:30,153 - MaskRCNN - INFO - Response received from server: {"id": "b5c12ec4-b192-49be-a088-5f692155264d", "text": "voc\u00ea pode fazer isso usando o comando ls . exemplo :  .", "examples": ["`  $ ls <br> arquivo1.txt arquivo2.png subdiretorio `"], "languages": ["<langbash>"]}
2024-01-05 19:37:02,782 - MaskRCNN - INFO - Sending request to ZMQ server: inference	{"id": "25b4fb78-a99a-4843-9089-516d41e28538", "sentence": "como posso listar arquivos no linux?"}
2024-01-05 19:37:07,708 - MaskRCNN - INFO - Response received from server: {"id": "0699a250-067b-4a1b-8db9-c4f4c5855a97", "text": "voc\u00ea pode fazer isso usando o comando ls . exemplo :  .", "examples": ["$ ls  arquivo1.txt arquivo2.png subdiretorio"], "languages": ["Bash"]}
2024-01-05 19:38:25,557 - MaskRCNN - INFO - Sending request to ZMQ server: inference	{"id": "05c5a470-4d62-4951-9f8b-189e31ac7df6", "sentence": "como posso listar arquivos detalhadamente no linux?"}
2024-01-05 19:38:34,277 - MaskRCNN - INFO - Response received from server: {"id": "8adba474-673b-4290-b4d4-96cc1ffd1474", "text": "voc\u00ea pode fazer isso usando o comando ls -l . exemplo :  .", "examples": ["$ ls -l  total 8  <rwrr> 1 usuario grupo 1000 jan 1 10 [UNK] arquivo1.txt  <rwrr> 1 usuario grupo 1000 jan 1 11 [UNK] arquivo2.png"], "languages": ["Bash"]}
2024-01-05 19:39:10,165 - MaskRCNN - INFO - Sending request to ZMQ server: inference	{"id": "8db484bd-3b0a-4961-b3d7-4ed0bca6c756", "sentence": "como posso visualizar o conte\u00fado de um arquivo no linux?"}
2024-01-05 19:39:14,750 - MaskRCNN - INFO - Response received from server: {"id": "018ddbc6-2a60-4e70-b4ee-b40b92d0c55b", "text": "voc\u00ea pode usar o comando cat . exemplo :  .", "examples": ["cat nome_do_arquivo  exemplo de texto do arquivo"], "languages": ["Bash"]}
2024-01-05 19:41:30,297 - MaskRCNN - INFO - Sending request to ZMQ server: inference	{"id": "655ff6d2-3502-4ceb-9d2d-bb6c9ba94037", "sentence": "como posso visualizar o conte\u00fado de um arquivo no linux?"}
2024-01-05 19:41:35,535 - MaskRCNN - INFO - Response received from server: {"id": "d23c4e85-c7eb-48f3-b82e-20986d8ccf87", "text": "voc\u00ea pode usar o comando cat . exemplo :  .", "examples": ["cat nome_do_arquivo \n exemplo de texto do arquivo"], "languages": ["Bash"]}
2024-01-05 19:41:57,483 - MaskRCNN - INFO - Sending request to ZMQ server: inference	{"id": "79510c2d-4a6e-4782-b6c2-68c4578aad95", "sentence": "comando para listar arquivos ocultos no linux."}
2024-01-05 19:42:02,338 - MaskRCNN - INFO - Response received from server: {"id": "ee1b3641-af3b-4179-8010-2996ca6bd579", "text": "voc\u00ea pode fazer isso usando o comando ls -a . exemplo :  .", "examples": ["$ ls \n arquivo1.txt arquivo2.png subdiretorio .arquivo_oculto"], "languages": ["Bash"]}
2024-01-05 19:42:22,733 - MaskRCNN - INFO - Sending request to ZMQ server: inference	{"id": "7eac3bb8-f03b-4f98-8e0a-f14dd5d64495", "sentence": "bacana."}
2024-01-05 19:42:24,010 - MaskRCNN - INFO - Response received from server: {"id": "56c6fc9d-de73-41a1-b73d-24c5b50adfa8", "text": "eu te assusto ?", "examples": [], "languages": []}
2024-01-05 19:42:30,632 - MaskRCNN - INFO - Sending request to ZMQ server: inference	{"id": "d5469419-57d2-405d-89ef-8b89b58c9a93", "sentence": "n\u00e3o."}
2024-01-05 19:42:32,280 - MaskRCNN - INFO - Response received from server: {"id": "671b2078-29f6-4d76-9c29-afccc84ff7e4", "text": "essa \u00e9 uma quest\u00e3o filos\u00f3fica ?", "examples": [], "languages": []}
2024-01-05 19:42:57,071 - MaskRCNN - INFO - Sending request to ZMQ server: inference	{"id": "83b30476-ec99-43e6-afb9-5112fc8c6c59", "sentence": "o que \u00e9 linux?"}
2024-01-05 19:43:06,359 - MaskRCNN - INFO - Response received from server: {"id": "4bca7a8f-7048-4c92-af41-1fcce62619cd", "text": "linux \u00e9 um sistema operacional de c\u00f3digo aberto que gerencia recursos e hardware de um sistema , como cpu , mem\u00f3ria e armazenamento . ele foi criado pelo finland\u00eas linus torvalds em 1991 e \u00e9 distribu\u00eddo sob a licen\u00e7a p\u00fablica geral ( gpl ) gnu .", "examples": [], "languages": []}
2024-01-05 19:43:32,808 - MaskRCNN - INFO - Sending request to ZMQ server: inference	{"id": "6ed7efb5-3dbf-4c53-9d73-a5ea413c1fa3", "sentence": "thau minerva."}
2024-01-05 19:43:33,946 - MaskRCNN - INFO - Response received from server: {"id": "74159565-4f16-47d0-bc41-f3471353f7f8", "text": "thau <user> .", "examples": [], "languages": []}
2024-02-29 09:08:52,451 - MaskRCNN - INFO - Sending request to ZMQ server: inference	{"id": "bb9d6848-9227-4b44-903c-64eece24d2f8", "sentence": "bom dia."}
2024-02-29 09:08:54,131 - MaskRCNN - INFO - Response received from server: {"id": "d61effe4-a39f-40e7-b44f-5585f0d904fc", "text": "bom dia <user> .", "examples": [], "languages": []}
2024-02-29 09:09:28,704 - MaskRCNN - INFO - Sending request to ZMQ server: inference	{"id": "e215b57b-d77c-4ed9-87b9-6cc0906158dd", "sentence": "tudo bem?"}
2024-02-29 09:09:30,083 - MaskRCNN - INFO - Response received from server: {"id": "34b745bb-8e60-4726-9ee6-5476938b51e1", "text": "meus diagn\u00f3sticos indicam <status> .", "examples": [], "languages": []}
2024-02-29 09:19:31,010 - MaskRCNN - INFO - Sending request to ZMQ server: inference	{"id": "1ee055c9-f267-4f40-8934-9ae3f0b06e9a", "sentence": "bom dia."}
2024-02-29 09:19:32,380 - MaskRCNN - INFO - Response received from server: {"id": "4c33b22b-3215-4938-9fef-6db8396e2658", "text": "bom dia <user> .", "examples": [], "languages": []}
2024-02-29 09:19:45,454 - MaskRCNN - INFO - Sending request to ZMQ server: inference	{"id": "dc05de82-da57-415f-8e59-7e65ac42ff9a", "sentence": "tudo bem?"}
2024-02-29 09:19:46,840 - MaskRCNN - INFO - Response received from server: {"id": "1ac49a8a-88e2-4a33-8fbc-a5a5c870ef06", "text": "meus diagn\u00f3sticos indicam <status> .", "examples": [], "languages": []}
2024-02-29 09:20:14,482 - MaskRCNN - INFO - Sending request to ZMQ server: inference	{"id": "42918acf-fa70-4b97-83b2-79df1b2efb2e", "sentence": "o que \u00e9 ictiologia?"}
2024-02-29 09:20:17,043 - MaskRCNN - INFO - Response received from server: {"id": "7964993e-1a11-4f40-9634-c0bc57a83ea9", "text": "\u00e9 o ramo da zoologia devotado ao estudo dos peixes .", "examples": [], "languages": []}
2024-02-29 09:25:06,107 - MaskRCNN - INFO - Sending request to ZMQ server: inference	{"id": "2807fe69-f92b-4ab0-9e2c-ed2044d31d8b", "sentence": "o que voc\u00ea pode fazer?"}
2024-02-29 09:25:08,586 - MaskRCNN - INFO - Response received from server: {"id": "2dda31e2-bbc2-478e-8801-9f5780ef59f3", "text": "posso conversar sobre v\u00e1rios temas e executar a\u00e7\u00f5es .", "examples": [], "languages": []}
2024-02-29 09:27:53,794 - MaskRCNN - INFO - Sending request to ZMQ server: inference	{"id": "33323572-ec96-48bc-9973-0a6294ba4403", "sentence": "ol\u00e1."}
2024-02-29 09:27:54,800 - MaskRCNN - INFO - Response received from server: {"id": "c1b791e1-2f37-4c36-b9bd-0c6785baa55c", "text": "oi <user> .", "examples": [], "languages": []}
2024-02-29 09:29:24,019 - MaskRCNN - INFO - Sending request to ZMQ server: inference	{"id": "d3d06424-6779-4b16-8091-e7336983b469", "sentence": "como vai?"}
2024-02-29 09:29:25,574 - MaskRCNN - INFO - Response received from server: {"id": "00ba2f84-6eae-4cd7-8bf8-1cbfeba772a1", "text": "meus diagn\u00f3sticos indicam <status> .", "examples": [], "languages": []}
2024-02-29 09:30:55,374 - MaskRCNN - INFO - Sending request to ZMQ server: review	{"id": "00ba2f84-6eae-4cd7-8bf8-1cbfeba772a1", "feedback": 1}
2024-02-29 09:30:55,392 - MaskRCNN - INFO - Response received from server: {"status": true}
2024-02-29 09:37:42,035 - MaskRCNN - INFO - Sending request to ZMQ server: inference	{"id": "b9837ae8-d42c-4548-a2d0-2b64b59c7d9c", "sentence": "bom dia."}
2024-02-29 09:37:43,353 - MaskRCNN - INFO - Response received from server: {"id": "b1a4ec4f-e747-496f-b420-14211f3259be", "text": "bom dia <user> .", "examples": [], "languages": []}
2024-02-29 09:38:56,169 - MaskRCNN - INFO - Sending request to ZMQ server: inference	{"id": "c2ddebf0-5980-47bb-b325-d288bde28727", "sentence": "oi"}
2024-02-29 09:38:57,154 - MaskRCNN - INFO - Response received from server: {"id": "ca284c4d-e200-4d6f-a022-0ef19eb4913f", "text": "ol\u00e1 <user> .", "examples": [], "languages": []}
2024-02-29 09:39:02,564 - MaskRCNN - INFO - Sending request to ZMQ server: inference	{"id": "ad676021-49ab-4501-a669-d3f470ac157c", "sentence": "oi"}
2024-02-29 09:39:03,520 - MaskRCNN - INFO - Response received from server: {"id": "53a7b8eb-65a9-49c6-8a16-d905700bdc17", "text": "ol\u00e1 <user> .", "examples": [], "languages": []}
2024-02-29 13:21:52,166 - MaskRCNN - INFO - Sending request to ZMQ server: inference	{"id": "5d7e5e0b-6a1a-47d3-8add-fb0695337cd6", "sentence": "oi"}
2024-02-29 13:21:53,115 - MaskRCNN - INFO - Response received from server: {"id": "91341d21-474c-4791-954b-e2282cec3e45", "text": "ol\u00e1 <user> .", "examples": [], "languages": []}
2024-02-29 13:22:01,012 - MaskRCNN - INFO - Sending request to ZMQ server: inference	{"id": "da59a3e9-1b7a-47b4-886c-46d28803c6cf", "sentence": "como vai?"}
2024-02-29 13:22:02,219 - MaskRCNN - INFO - Response received from server: {"id": "4acb80d8-9c8f-4e51-91be-3b0a06db2998", "text": "meus diagn\u00f3sticos indicam <status> .", "examples": [], "languages": []}
2024-02-29 14:40:10,715 - MaskRCNN - INFO - Sending request to ZMQ server: inference	{"id": "7c2d360e-94ab-435a-bd45-7f928795c389", "sentence": "oi"}
2024-02-29 14:40:11,848 - MaskRCNN - INFO - Response received from server: {"id": "317f88fa-6233-42ee-ab0a-022faa49d7a4", "text": "ol\u00e1 <user> .", "examples": [], "languages": []}
2024-02-29 14:44:08,266 - MaskRCNN - INFO - Sending request to ZMQ server: inference	{"id": "87538a74-353e-4dd4-8c9d-d48e382c2138", "sentence": "oi"}
2024-02-29 14:44:09,404 - MaskRCNN - INFO - Response received from server: {"id": "fe20c9f2-550f-46e4-a1a2-0b5550cc6735", "text": "ol\u00e1 <user> .", "examples": [], "languages": []}
2024-02-29 14:45:43,434 - MaskRCNN - INFO - Sending request to ZMQ server: inference	{"id": "a16c76dd-eec6-4a3f-8d6a-b5d5f66c1a4c", "sentence": "oi"}
2024-02-29 14:45:44,547 - MaskRCNN - INFO - Response received from server: {"id": "29a5c890-51de-479c-8398-35b979b1c464", "text": "ol\u00e1 <user> .", "examples": [], "languages": []}
2024-02-29 14:53:55,758 - MaskRCNN - INFO - Sending request to ZMQ server: inference	{"id": "5fb62e3c-98de-49ed-b334-e53a67c39818", "sentence": "ol\u00e1."}
2024-02-29 14:53:56,826 - MaskRCNN - INFO - Response received from server: {"id": "f3507f2f-fd44-473a-b124-3d8b049636dc", "text": "oi <user> .", "examples": [], "languages": []}
2024-02-29 14:55:45,460 - MaskRCNN - INFO - Sending request to ZMQ server: inference	{"id": "ea8b646f-ca2d-482e-86d6-72a44929b4c0", "sentence": "ol\u00e1."}
2024-02-29 14:55:46,508 - MaskRCNN - INFO - Response received from server: {"id": "8c0df97e-301f-4ded-98bc-874f34ccc078", "text": "oi <user> .", "examples": [], "languages": []}
2024-02-29 14:57:20,214 - MaskRCNN - INFO - Sending request to ZMQ server: inference	{"id": "2105c7b2-5485-4a50-a5fa-cf193d18277e", "sentence": "bom dia"}
2024-02-29 14:57:21,483 - MaskRCNN - INFO - Response received from server: {"id": "5af2c11d-a31d-49f4-bff0-8affedf35ff1", "text": "bom dia <user> .", "examples": [], "languages": []}
2024-02-29 15:01:52,522 - MaskRCNN - INFO - Sending request to ZMQ server: inference	{"id": "8973c039-f125-4edf-837b-8d58e67c75cd", "sentence": "ol\u00e1"}
2024-02-29 15:01:53,529 - MaskRCNN - INFO - Response received from server: {"id": "6d01910f-5aad-4566-8535-d89d1adb0211", "text": "oi <user> .", "examples": [], "languages": []}
2024-02-29 15:02:32,229 - MaskRCNN - INFO - Sending request to ZMQ server: inference	{"id": "b1b0db72-9d51-4f0f-ad26-7227614ccc68", "sentence": "oi."}
2024-02-29 15:02:33,283 - MaskRCNN - INFO - Response received from server: {"id": "5278f8c1-8506-4314-aa35-7111cf595802", "text": "ol\u00e1 <user> .", "examples": [], "languages": []}
2024-02-29 15:07:05,329 - MaskRCNN - INFO - Sending request to ZMQ server: inference	{"id": "34fec4bc-eb70-4794-9405-810fb4a7c282", "sentence": "ol\u00e1"}
2024-02-29 15:07:06,315 - MaskRCNN - INFO - Response received from server: {"id": "20600925-ce5c-4ef2-ae39-d9b0b6297e07", "text": "oi <user> .", "examples": [], "languages": []}
2024-02-29 15:07:18,231 - MaskRCNN - INFO - Sending request to ZMQ server: inference	{"id": "890b3554-2a5d-4459-8dc1-35398fad256f", "sentence": "como vai?"}
2024-02-29 15:07:19,640 - MaskRCNN - INFO - Response received from server: {"id": "390bb50b-2544-4508-a96a-8e274ddc5b59", "text": "meus diagn\u00f3sticos indicam <status> .", "examples": [], "languages": []}
2024-02-29 15:08:10,249 - MaskRCNN - INFO - Sending request to ZMQ server: inference	{"id": "1193dd43-2152-44e2-a566-48236fdcbe1f", "sentence": "oi"}
2024-02-29 15:08:11,318 - MaskRCNN - INFO - Response received from server: {"id": "b659af8e-f487-4f0f-b107-d1db93fe5dd0", "text": "ol\u00e1 <user> .", "examples": [], "languages": []}
2024-02-29 15:15:07,438 - MaskRCNN - INFO - Sending request to ZMQ server: inference	{"id": "87156326-1808-460b-9923-c0fbebf1dca0", "sentence": "oi"}
2024-02-29 15:15:08,427 - MaskRCNN - INFO - Response received from server: {"id": "9adbc694-4c88-4e49-95f5-cd31441423d5", "text": "ol\u00e1 <user> .", "examples": [], "languages": []}
2024-02-29 15:15:30,947 - MaskRCNN - INFO - Sending request to ZMQ server: inference	{"id": "24208970-5c89-46db-912a-09244834ba3b", "sentence": "oi"}
2024-02-29 15:15:32,024 - MaskRCNN - INFO - Response received from server: {"id": "e366c851-528e-419e-b162-7af4fa3c03ea", "text": "ol\u00e1 <user> .", "examples": [], "languages": []}
2024-02-29 15:22:22,617 - MaskRCNN - INFO - Sending request to ZMQ server: inference	{"id": "07bb37c3-c3d1-496a-9756-8a5b11186798", "sentence": "oi"}
2024-02-29 15:22:23,571 - MaskRCNN - INFO - Response received from server: {"id": "fd39f022-1a55-42a3-96db-752ea52609fa", "text": "ol\u00e1 <user> .", "examples": [], "languages": []}
2024-02-29 15:24:34,763 - MaskRCNN - INFO - Sending request to ZMQ server: inference	{"id": "b1bd41ce-4c51-466a-98b6-549f8613b94c", "sentence": "ol\u00e1"}
2024-02-29 15:24:35,792 - MaskRCNN - INFO - Response received from server: {"id": "0ad82f51-9e5b-44bc-88e7-587e3b93807d", "text": "oi <user> .", "examples": [], "languages": []}
2024-02-29 15:24:45,746 - MaskRCNN - INFO - Sending request to ZMQ server: inference	{"id": "26e78bfb-6154-4829-84dc-f391af36d205", "sentence": "como vai?"}
2024-02-29 15:24:47,155 - MaskRCNN - INFO - Response received from server: {"id": "2b488da6-37a7-40df-9718-47a4374adb57", "text": "meus diagn\u00f3sticos indicam <status> .", "examples": [], "languages": []}
2024-02-29 15:24:58,004 - MaskRCNN - INFO - Sending request to ZMQ server: inference	{"id": "67b2ab39-2cb4-418f-b071-4bdfdaa2c1f5", "sentence": "tudo bem?"}
2024-02-29 15:24:59,443 - MaskRCNN - INFO - Response received from server: {"id": "cb64e62e-aa10-4d6d-b942-53f916c9ce2b", "text": "meus diagn\u00f3sticos indicam <status> .", "examples": [], "languages": []}
2024-02-29 16:06:40,590 - MaskRCNN - INFO - Sending request to ZMQ server: inference	{"id": "d59e24dc-9501-4db0-96f1-2d2be2b61993", "sentence": "o que \u00e9 ictiologia?"}
2024-02-29 16:06:43,034 - MaskRCNN - INFO - Response received from server: {"id": "b51f15f3-9266-4bd1-a890-6e7eb21df8d6", "text": "\u00e9 o ramo da zoologia devotado ao estudo dos peixes .", "examples": [], "languages": []}
2024-02-29 16:07:22,144 - MaskRCNN - INFO - Sending request to ZMQ server: inference	{"id": "1a68cfae-3292-4b41-8180-b8d4187d5f67", "sentence": "como posso listar arquivos no linux?"}
2024-02-29 16:07:26,616 - MaskRCNN - INFO - Response received from server: {"id": "ff547c14-264c-4ac7-a2a6-f9a0bb1b0c5e", "text": "voc\u00ea pode fazer isso usando o comando ls . exemplo :  .", "examples": ["$ ls \n arquivo1.txt arquivo2.png subdiretorio"], "languages": ["Bash"]}
2024-02-29 16:10:00,848 - MaskRCNN - INFO - Sending request to ZMQ server: inference	{"id": "a6991971-ee45-43f7-926f-037872bc27c8", "sentence": "como posso listar arquivos no linux?"}
2024-02-29 16:10:05,232 - MaskRCNN - INFO - Response received from server: {"id": "2b637ae0-a509-42e6-93b6-2d9efdfbf284", "text": "voc\u00ea pode fazer isso usando o comando ls . exemplo :  .", "examples": ["$ ls \n arquivo1.txt arquivo2.png subdiretorio"], "languages": ["Bash"]}
2024-02-29 16:11:47,334 - MaskRCNN - INFO - Sending request to ZMQ server: inference	{"id": "5a888c53-9ea6-4b94-ba1a-60c46235ca2c", "sentence": "como posso listar arquivos no linux?"}
2024-02-29 16:11:51,496 - MaskRCNN - INFO - Response received from server: {"id": "c73634f9-3f55-49a2-acfb-b66797d9ce43", "text": "voc\u00ea pode fazer isso usando o comando ls . exemplo :  .", "examples": ["$ ls \n arquivo1.txt arquivo2.png subdiretorio"], "languages": ["Bash"]}
2024-02-29 18:03:37,789 - MaskRCNN - INFO - Sending request to ZMQ server: inference	{"id": "be41375b-baba-4f3f-afe7-2980deb895a9", "sentence": "oi"}
2024-02-29 18:03:38,745 - MaskRCNN - INFO - Response received from server: {"id": "3dfdb917-8bed-422f-920d-e193ae5a8f96", "text": "ol\u00e1 <user> .", "examples": [], "languages": []}
2024-02-29 18:21:00,022 - MaskRCNN - INFO - Sending request to ZMQ server: inference	{"id": "f17d4922-e7b4-4809-9811-2f50f9c93170", "sentence": "oi"}
2024-02-29 18:21:01,624 - MaskRCNN - INFO - Response received from server: {"id": "c2177d8e-ad6c-40c9-9734-775f1fa03704", "text": "ol\u00e1 <user> .", "examples": [], "languages": []}
2024-02-29 18:35:19,836 - MaskRCNN - INFO - Sending request to ZMQ server: inference	{"id": "bd355b6a-21bb-4fe1-a8cc-77d2648c5800", "sentence": "ol\u00e1"}
2024-02-29 18:35:21,036 - MaskRCNN - INFO - Response received from server: {"id": "253979c5-fa60-4c1b-ba60-687f5f1b41af", "text": "oi <user> .", "examples": [], "languages": []}
2024-02-29 18:35:26,983 - MaskRCNN - INFO - Sending request to ZMQ server: inference	{"id": "1649f041-8537-4e8f-8356-5497c8da2b68", "sentence": "como vai?"}
2024-02-29 18:35:28,567 - MaskRCNN - INFO - Response received from server: {"id": "f855c45b-afe0-4f4a-9f4c-442aff7fc10f", "text": "meus diagn\u00f3sticos indicam <status> .", "examples": [], "languages": []}
2024-02-29 18:35:36,396 - MaskRCNN - INFO - Sending request to ZMQ server: inference	{"id": "0eb0d4d6-ce4b-49d9-b1e8-97e6a5709d39", "sentence": "quem \u00e9 voc\u00ea?"}
2024-02-29 18:35:38,378 - MaskRCNN - INFO - Response received from server: {"id": "12f2f62a-7ae6-4c64-8a10-798fc11cd87a", "text": "eu sou apenas uma intelig\u00eancia artificial .", "examples": [], "languages": []}
2024-02-29 18:37:22,449 - MaskRCNN - INFO - Sending request to ZMQ server: inference	{"id": "3f9f1fb2-625b-467c-b5a3-762fd20a59f9", "sentence": "ol\u00e1"}
2024-02-29 18:37:23,582 - MaskRCNN - INFO - Response received from server: {"id": "6b687c8b-f89b-4170-a77f-4f59b0d58d92", "text": "oi <user> .", "examples": [], "languages": []}
2024-02-29 18:37:29,031 - MaskRCNN - INFO - Sending request to ZMQ server: inference	{"id": "da816a93-cc96-448a-90ab-871df0441857", "sentence": "como vai?"}
2024-02-29 18:37:30,614 - MaskRCNN - INFO - Response received from server: {"id": "0532cd34-4ad5-4721-8381-495ef244e3f9", "text": "meus diagn\u00f3sticos indicam <status> .", "examples": [], "languages": []}
2024-02-29 18:37:41,938 - MaskRCNN - INFO - Sending request to ZMQ server: inference	{"id": "b6368172-5062-432c-9f88-f47c04684ff0", "sentence": "quem \u00e9 voc\u00ea?"}
2024-02-29 18:37:43,884 - MaskRCNN - INFO - Response received from server: {"id": "254517fd-8974-4374-be0b-96437e1048db", "text": "eu sou apenas uma intelig\u00eancia artificial .", "examples": [], "languages": []}
2024-02-29 18:38:47,419 - MaskRCNN - INFO - Sending request to ZMQ server: inference	{"id": "46df8b1c-24c2-4347-89e3-32d471d3a39a", "sentence": "ol\u00e1"}
2024-02-29 18:38:48,532 - MaskRCNN - INFO - Response received from server: {"id": "19721aaf-c005-49f5-91bd-3645d991b455", "text": "oi <user> .", "examples": [], "languages": []}
2024-02-29 18:38:53,644 - MaskRCNN - INFO - Sending request to ZMQ server: inference	{"id": "100baf3f-0bb2-4d32-a7fd-c68a2c394698", "sentence": "como vai?"}
2024-02-29 18:38:55,180 - MaskRCNN - INFO - Response received from server: {"id": "82697fd4-f01f-4dcd-8ac7-3a59ec669285", "text": "meus diagn\u00f3sticos indicam <status> .", "examples": [], "languages": []}
2024-02-29 18:39:03,336 - MaskRCNN - INFO - Sending request to ZMQ server: inference	{"id": "1c3d98bb-ae04-4a65-9414-b3bb3b11488d", "sentence": "qual o seu nome?"}
2024-02-29 18:39:04,743 - MaskRCNN - INFO - Response received from server: {"id": "e788b7c4-f811-4dc8-a02c-a012a8797c00", "text": "me chamo minerva .", "examples": [], "languages": []}
2024-02-29 18:40:00,049 - MaskRCNN - INFO - Sending request to ZMQ server: inference	{"id": "037e806d-42a4-4854-9118-6f52e959e9ca", "sentence": "interessante."}
2024-02-29 18:40:02,194 - MaskRCNN - INFO - Response received from server: {"id": "fa1b18c9-4fbc-40d5-a3ff-2400e9f72c12", "text": "eu disse algo que estava provavelmente incorreto ?", "examples": [], "languages": []}
2024-02-29 18:40:09,065 - MaskRCNN - INFO - Sending request to ZMQ server: inference	{"id": "5c57b540-d11c-4fcb-bb5f-71b7187ea8a7", "sentence": "n\u00e3o."}
2024-02-29 18:40:10,921 - MaskRCNN - INFO - Response received from server: {"id": "b5c752fb-fc60-439d-b865-87235456fcea", "text": "essa \u00e9 uma quest\u00e3o filos\u00f3fica ?", "examples": [], "languages": []}
